<?xml version="1.0" encoding="utf-8"?>
<CoverageSession>
  <Summary numSequencePoints="1042" visitedSequencePoints="907" numBranchPoints="519" visitedBranchPoints="478" sequenceCoverage="87.04" branchCoverage="92.1" maxCyclomaticComplexity="646" minCyclomaticComplexity="646" visitedClasses="25" numClasses="25" visitedMethods="179" numMethods="208" />
  <Modules>
    <Module hash="C60B11AF-C8BA-4ED5-A842-0FF7E8E7F220">
      <ModulePath>GTiff2Tiles.Core.dll</ModulePath>
      <ModuleTime>2020-08-14T05:25:59</ModuleTime>
      <ModuleName>GTiff2Tiles.Core</ModuleName>
      <Files>
        <File uid="1" fullPath="C:\Users\gigas\Documents\Visual Studio 2019\Projects\GTiff2Tiles\GTiff2Tiles.Core\GdalWorker.cs" />
        <File uid="2" fullPath="C:\Users\gigas\Documents\Visual Studio 2019\Projects\GTiff2Tiles\GTiff2Tiles.Core\Tiles\Number.cs" />
        <File uid="3" fullPath="C:\Users\gigas\Documents\Visual Studio 2019\Projects\GTiff2Tiles\GTiff2Tiles.Core\Tiles\RasterTile.cs" />
        <File uid="4" fullPath="C:\Users\gigas\Documents\Visual Studio 2019\Projects\GTiff2Tiles\GTiff2Tiles.Core\Tiles\Tile.cs" />
        <File uid="5" fullPath="C:\Users\gigas\Documents\Visual Studio 2019\Projects\GTiff2Tiles\GTiff2Tiles.Core\Localization\Strings.Designer.cs" />
        <File uid="6" fullPath="C:\Users\gigas\Documents\Visual Studio 2019\Projects\GTiff2Tiles\GTiff2Tiles.Core\Images\Area.cs" />
        <File uid="7" fullPath="C:\Users\gigas\Documents\Visual Studio 2019\Projects\GTiff2Tiles\GTiff2Tiles.Core\Images\Band.cs" />
        <File uid="8" fullPath="C:\Users\gigas\Documents\Visual Studio 2019\Projects\GTiff2Tiles\GTiff2Tiles.Core\Images\Size.cs" />
        <File uid="9" fullPath="C:\Users\gigas\Documents\Visual Studio 2019\Projects\GTiff2Tiles\GTiff2Tiles.Core\Helpers\CheckHelper.cs" />
        <File uid="10" fullPath="C:\Users\gigas\Documents\Visual Studio 2019\Projects\GTiff2Tiles\GTiff2Tiles.Core\Helpers\NetVipsHelper.cs" />
        <File uid="11" fullPath="C:\Users\gigas\Documents\Visual Studio 2019\Projects\GTiff2Tiles\GTiff2Tiles.Core\Helpers\ProgressHelper.cs" />
        <File uid="12" fullPath="C:\Users\gigas\Documents\Visual Studio 2019\Projects\GTiff2Tiles\GTiff2Tiles.Core\GeoTiffs\Raster.cs" />
        <File uid="13" fullPath="C:\Users\gigas\Documents\Visual Studio 2019\Projects\GTiff2Tiles\GTiff2Tiles.Core\Exceptions\DirectoryException.cs" />
        <File uid="14" fullPath="C:\Users\gigas\Documents\Visual Studio 2019\Projects\GTiff2Tiles\GTiff2Tiles.Core\Exceptions\FileException.cs" />
        <File uid="15" fullPath="C:\Users\gigas\Documents\Visual Studio 2019\Projects\GTiff2Tiles\GTiff2Tiles.Core\Exceptions\RasterException.cs" />
        <File uid="16" fullPath="C:\Users\gigas\Documents\Visual Studio 2019\Projects\GTiff2Tiles\GTiff2Tiles.Core\Coordinates\Coordinate.cs" />
        <File uid="17" fullPath="C:\Users\gigas\Documents\Visual Studio 2019\Projects\GTiff2Tiles\GTiff2Tiles.Core\Coordinates\GeoCoordinate.cs" />
        <File uid="18" fullPath="C:\Users\gigas\Documents\Visual Studio 2019\Projects\GTiff2Tiles\GTiff2Tiles.Core\Coordinates\GeodeticCoordinate.cs" />
        <File uid="19" fullPath="C:\Users\gigas\Documents\Visual Studio 2019\Projects\GTiff2Tiles\GTiff2Tiles.Core\Coordinates\MercatorCoordinate.cs" />
        <File uid="20" fullPath="C:\Users\gigas\Documents\Visual Studio 2019\Projects\GTiff2Tiles\GTiff2Tiles.Core\Coordinates\PixelCoordinate.cs" />
        <File uid="21" fullPath="C:\Users\gigas\Documents\Visual Studio 2019\Projects\GTiff2Tiles\GTiff2Tiles.Core\Constants\Proj.cs" />
      </Files>
      <Classes>
        <Class>
          <Summary numSequencePoints="113" visitedSequencePoints="105" numBranchPoints="32" visitedBranchPoints="27" sequenceCoverage="92.92" branchCoverage="84.37" maxCyclomaticComplexity="12" minCyclomaticComplexity="1" visitedClasses="1" numClasses="1" visitedMethods="11" numMethods="11" />
          <FullName>GTiff2Tiles.Core.GdalWorker</FullName>
          <Methods>
            <Method cyclomaticComplexity="4" nPathComplexity="0" sequenceCoverage="100" branchCoverage="100" isConstructor="False" isGetter="False" isSetter="False" isStatic="True">
              <Summary numSequencePoints="27" visitedSequencePoints="27" numBranchPoints="4" visitedBranchPoints="4" sequenceCoverage="100" branchCoverage="100" maxCyclomaticComplexity="4" minCyclomaticComplexity="4" visitedClasses="0" numClasses="0" visitedMethods="1" numMethods="1" />
              <MetadataToken />
              <Name>System.Threading.Tasks.Task GTiff2Tiles.Core.GdalWorker::WarpAsync(System.String,System.String,System.String[],System.IProgress`1&lt;System.Double&gt;)</Name>
              <FileRef uid="1" />
              <SequencePoints>
                <SequencePoint vc="20" uspid="93" ordinal="0" sl="93" sc="1" el="93" ec="2" bec="0" bev="0" fileid="1" />
                <SequencePoint vc="20" uspid="96" ordinal="1" sl="96" sc="1" el="96" ec="2" bec="0" bev="0" fileid="1" />
                <SequencePoint vc="16" uspid="97" ordinal="2" sl="97" sc="1" el="97" ec="2" bec="0" bev="0" fileid="1" />
                <SequencePoint vc="12" uspid="98" ordinal="3" sl="98" sc="1" el="98" ec="2" bec="0" bev="0" fileid="1" />
                <SequencePoint vc="13" uspid="100" ordinal="4" sl="100" sc="1" el="100" ec="2" bec="4" bev="4" fileid="1" />
                <SequencePoint vc="11" uspid="104" ordinal="5" sl="104" sc="1" el="104" ec="2" bec="0" bev="0" fileid="1" />
                <SequencePoint vc="11" uspid="105" ordinal="6" sl="105" sc="1" el="105" ec="2" bec="0" bev="0" fileid="1" />
                <SequencePoint vc="11" uspid="108" ordinal="7" sl="108" sc="1" el="108" ec="2" bec="0" bev="0" fileid="1" />
                <SequencePoint vc="11" uspid="110" ordinal="8" sl="110" sc="1" el="110" ec="2" bec="0" bev="0" fileid="1" />
                <SequencePoint vc="22" uspid="111" ordinal="9" sl="111" sc="1" el="111" ec="2" bec="0" bev="0" fileid="1" />
                <SequencePoint vc="22" uspid="112" ordinal="10" sl="112" sc="1" el="112" ec="2" bec="0" bev="0" fileid="1" />
                <SequencePoint vc="11" uspid="113" ordinal="11" sl="113" sc="1" el="113" ec="2" bec="0" bev="0" fileid="1" />
                <SequencePoint vc="22" uspid="114" ordinal="12" sl="114" sc="1" el="114" ec="2" bec="0" bev="0" fileid="1" />
                <SequencePoint vc="22" uspid="115" ordinal="13" sl="115" sc="1" el="115" ec="2" bec="0" bev="0" fileid="1" />
                <SequencePoint vc="22" uspid="116" ordinal="14" sl="116" sc="1" el="116" ec="2" bec="0" bev="0" fileid="1" />
                <SequencePoint vc="22" uspid="117" ordinal="15" sl="117" sc="1" el="117" ec="2" bec="0" bev="0" fileid="1" />
                <SequencePoint vc="11" uspid="118" ordinal="16" sl="118" sc="1" el="118" ec="2" bec="0" bev="0" fileid="1" />
                <SequencePoint vc="11" uspid="119" ordinal="17" sl="119" sc="1" el="119" ec="2" bec="0" bev="0" fileid="1" />
                <SequencePoint vc="11" uspid="120" ordinal="18" sl="120" sc="1" el="120" ec="2" bec="0" bev="0" fileid="1" />
                <SequencePoint vc="11" uspid="121" ordinal="19" sl="121" sc="1" el="121" ec="2" bec="0" bev="0" fileid="1" />
                <SequencePoint vc="22" uspid="122" ordinal="20" sl="122" sc="1" el="122" ec="2" bec="0" bev="0" fileid="1" />
                <SequencePoint vc="22" uspid="123" ordinal="21" sl="123" sc="1" el="123" ec="2" bec="0" bev="0" fileid="1" />
                <SequencePoint vc="22" uspid="124" ordinal="22" sl="124" sc="1" el="124" ec="2" bec="0" bev="0" fileid="1" />
                <SequencePoint vc="11" uspid="125" ordinal="23" sl="125" sc="1" el="125" ec="2" bec="0" bev="0" fileid="1" />
                <SequencePoint vc="22" uspid="126" ordinal="24" sl="126" sc="1" el="126" ec="2" bec="0" bev="0" fileid="1" />
                <SequencePoint vc="33" uspid="127" ordinal="25" sl="127" sc="1" el="127" ec="2" bec="0" bev="0" fileid="1" />
                <SequencePoint vc="11" uspid="128" ordinal="26" sl="128" sc="1" el="128" ec="2" bec="0" bev="0" fileid="1" />
              </SequencePoints>
              <BranchPoints>
                <BranchPoint vc="11" uspid="100" ordinal="0" path="0" offset="98" offsetend="100" sl="100" fileid="1" />
                <BranchPoint vc="1" uspid="100" ordinal="1" path="1" offset="98" offsetend="112" sl="100" fileid="1" />
                <BranchPoint vc="1" uspid="100" ordinal="2" path="0" offset="115" offsetend="117" sl="100" fileid="1" />
                <BranchPoint vc="11" uspid="100" ordinal="3" path="1" offset="115" offsetend="128" sl="100" fileid="1" />
              </BranchPoints>
              <MethodPoint vc="27" uspid="0" p8:type="SequencePoint" ordinal="0" offset="0" sc="0" sl="93" ec="1" el="128" bec="0" bev="0" fileid="1" xmlns:p8="xsi" />
            </Method>
            <Method cyclomaticComplexity="1" nPathComplexity="0" sequenceCoverage="100" branchCoverage="100" isConstructor="False" isGetter="False" isSetter="False" isStatic="True">
              <Summary numSequencePoints="10" visitedSequencePoints="10" numBranchPoints="0" visitedBranchPoints="0" sequenceCoverage="100" branchCoverage="100" maxCyclomaticComplexity="1" minCyclomaticComplexity="1" visitedClasses="0" numClasses="0" visitedMethods="1" numMethods="1" />
              <MetadataToken />
              <Name>System.Threading.Tasks.Task`1&lt;System.String&gt; GTiff2Tiles.Core.GdalWorker::InfoAsync(System.String,System.String[])</Name>
              <FileRef uid="1" />
              <SequencePoints>
                <SequencePoint vc="5" uspid="139" ordinal="0" sl="139" sc="1" el="139" ec="2" bec="0" bev="0" fileid="1" />
                <SequencePoint vc="5" uspid="142" ordinal="1" sl="142" sc="1" el="142" ec="2" bec="0" bev="0" fileid="1" />
                <SequencePoint vc="3" uspid="147" ordinal="2" sl="147" sc="1" el="147" ec="2" bec="0" bev="0" fileid="1" />
                <SequencePoint vc="3" uspid="149" ordinal="3" sl="149" sc="1" el="149" ec="2" bec="0" bev="0" fileid="1" />
                <SequencePoint vc="6" uspid="150" ordinal="4" sl="150" sc="1" el="150" ec="2" bec="0" bev="0" fileid="1" />
                <SequencePoint vc="6" uspid="151" ordinal="5" sl="151" sc="1" el="151" ec="2" bec="0" bev="0" fileid="1" />
                <SequencePoint vc="3" uspid="152" ordinal="6" sl="152" sc="1" el="152" ec="2" bec="0" bev="0" fileid="1" />
                <SequencePoint vc="6" uspid="153" ordinal="7" sl="153" sc="1" el="153" ec="2" bec="0" bev="0" fileid="1" />
                <SequencePoint vc="6" uspid="154" ordinal="8" sl="154" sc="1" el="154" ec="2" bec="0" bev="0" fileid="1" />
                <SequencePoint vc="3" uspid="155" ordinal="9" sl="155" sc="1" el="155" ec="2" bec="0" bev="0" fileid="1" />
              </SequencePoints>
              <BranchPoints />
              <MethodPoint vc="10" uspid="0" p8:type="SequencePoint" ordinal="1" offset="1" sc="0" sl="139" ec="1" el="155" bec="0" bev="0" fileid="1" xmlns:p8="xsi" />
            </Method>
            <Method cyclomaticComplexity="1" nPathComplexity="0" sequenceCoverage="100" branchCoverage="100" isConstructor="False" isGetter="False" isSetter="False" isStatic="True">
              <Summary numSequencePoints="1" visitedSequencePoints="1" numBranchPoints="0" visitedBranchPoints="0" sequenceCoverage="100" branchCoverage="100" maxCyclomaticComplexity="1" minCyclomaticComplexity="1" visitedClasses="0" numClasses="0" visitedMethods="1" numMethods="1" />
              <MetadataToken />
              <Name>System.Void GTiff2Tiles.Core.GdalWorker::ConfigureGdal()</Name>
              <FileRef uid="1" />
              <SequencePoints>
                <SequencePoint vc="76" uspid="164" ordinal="0" sl="164" sc="1" el="164" ec="2" bec="0" bev="0" fileid="1" />
              </SequencePoints>
              <BranchPoints />
              <MethodPoint vc="1" uspid="0" p8:type="SequencePoint" ordinal="2" offset="2" sc="0" sl="164" ec="1" el="164" bec="0" bev="0" fileid="1" xmlns:p8="xsi" />
            </Method>
            <Method cyclomaticComplexity="6" nPathComplexity="0" sequenceCoverage="80" branchCoverage="66.66" isConstructor="False" isGetter="False" isSetter="False" isStatic="True">
              <Summary numSequencePoints="5" visitedSequencePoints="4" numBranchPoints="6" visitedBranchPoints="4" sequenceCoverage="80" branchCoverage="66.66" maxCyclomaticComplexity="6" minCyclomaticComplexity="6" visitedClasses="0" numClasses="0" visitedMethods="1" numMethods="1" />
              <MetadataToken />
              <Name>System.Int32 GTiff2Tiles.Core.GdalWorker::GdalProgress(System.Double,System.IntPtr,System.IntPtr)</Name>
              <FileRef uid="1" />
              <SequencePoints>
                <SequencePoint vc="90275" uspid="182" ordinal="0" sl="182" sc="1" el="182" ec="2" bec="0" bev="0" fileid="1" />
                <SequencePoint vc="0" uspid="185" ordinal="1" sl="185" sc="1" el="185" ec="2" bec="4" bev="2" fileid="1" />
                <SequencePoint vc="90275" uspid="190" ordinal="2" sl="190" sc="1" el="190" ec="2" bec="2" bev="2" fileid="1" />
                <SequencePoint vc="90275" uspid="192" ordinal="3" sl="192" sc="1" el="192" ec="2" bec="0" bev="0" fileid="1" />
                <SequencePoint vc="90275" uspid="193" ordinal="4" sl="193" sc="1" el="193" ec="2" bec="0" bev="0" fileid="1" />
              </SequencePoints>
              <BranchPoints>
                <BranchPoint vc="90275" uspid="185" ordinal="0" path="0" offset="11" offsetend="13" sl="185" fileid="1" />
                <BranchPoint vc="0" uspid="185" ordinal="1" path="1" offset="11" offsetend="27" sl="185" fileid="1" />
                <BranchPoint vc="0" uspid="185" ordinal="2" path="0" offset="30" offsetend="32" sl="185" fileid="1" />
                <BranchPoint vc="90275" uspid="185" ordinal="3" path="1" offset="30" offsetend="43" sl="185" fileid="1" />
                <BranchPoint vc="41885" uspid="190" ordinal="4" path="0" offset="49" offsetend="51" sl="190" fileid="1" />
                <BranchPoint vc="48390" uspid="190" ordinal="5" path="1" offset="49" offsetend="54" sl="190" fileid="1" />
              </BranchPoints>
              <MethodPoint vc="4" uspid="0" p8:type="SequencePoint" ordinal="3" offset="3" sc="0" sl="182" ec="1" el="193" bec="0" bev="0" fileid="1" xmlns:p8="xsi" />
            </Method>
            <Method cyclomaticComplexity="1" nPathComplexity="0" sequenceCoverage="100" branchCoverage="100" isConstructor="False" isGetter="False" isSetter="False" isStatic="True">
              <Summary numSequencePoints="9" visitedSequencePoints="9" numBranchPoints="0" visitedBranchPoints="0" sequenceCoverage="100" branchCoverage="100" maxCyclomaticComplexity="1" minCyclomaticComplexity="1" visitedClasses="0" numClasses="0" visitedMethods="1" numMethods="1" />
              <MetadataToken />
              <Name>System.String GTiff2Tiles.Core.GdalWorker::GetProjString(System.String)</Name>
              <FileRef uid="1" />
              <SequencePoints>
                <SequencePoint vc="15" uspid="201" ordinal="0" sl="201" sc="1" el="201" ec="2" bec="0" bev="0" fileid="1" />
                <SequencePoint vc="15" uspid="204" ordinal="1" sl="204" sc="1" el="204" ec="2" bec="0" bev="0" fileid="1" />
                <SequencePoint vc="13" uspid="209" ordinal="2" sl="209" sc="1" el="209" ec="2" bec="0" bev="0" fileid="1" />
                <SequencePoint vc="13" uspid="211" ordinal="3" sl="211" sc="1" el="211" ec="2" bec="0" bev="0" fileid="1" />
                <SequencePoint vc="13" uspid="213" ordinal="4" sl="213" sc="1" el="213" ec="2" bec="0" bev="0" fileid="1" />
                <SequencePoint vc="13" uspid="215" ordinal="5" sl="215" sc="1" el="215" ec="2" bec="0" bev="0" fileid="1" />
                <SequencePoint vc="13" uspid="217" ordinal="6" sl="217" sc="1" el="217" ec="2" bec="0" bev="0" fileid="1" />
                <SequencePoint vc="13" uspid="222" ordinal="7" sl="222" sc="1" el="222" ec="2" bec="0" bev="0" fileid="1" />
                <SequencePoint vc="13" uspid="223" ordinal="8" sl="223" sc="1" el="223" ec="2" bec="0" bev="0" fileid="1" />
              </SequencePoints>
              <BranchPoints />
              <MethodPoint vc="9" uspid="0" p8:type="SequencePoint" ordinal="4" offset="4" sc="0" sl="201" ec="1" el="223" bec="0" bev="0" fileid="1" xmlns:p8="xsi" />
            </Method>
            <Method cyclomaticComplexity="1" nPathComplexity="0" sequenceCoverage="100" branchCoverage="100" isConstructor="False" isGetter="False" isSetter="False" isStatic="True">
              <Summary numSequencePoints="1" visitedSequencePoints="1" numBranchPoints="0" visitedBranchPoints="0" sequenceCoverage="100" branchCoverage="100" maxCyclomaticComplexity="1" minCyclomaticComplexity="1" visitedClasses="0" numClasses="0" visitedMethods="1" numMethods="1" />
              <MetadataToken />
              <Name>System.Threading.Tasks.Task`1&lt;System.String&gt; GTiff2Tiles.Core.GdalWorker::GetProjStringAsync(System.String)</Name>
              <FileRef uid="1" />
              <SequencePoints>
                <SequencePoint vc="16" uspid="231" ordinal="0" sl="231" sc="1" el="231" ec="2" bec="0" bev="0" fileid="1" />
              </SequencePoints>
              <BranchPoints />
              <MethodPoint vc="1" uspid="0" p8:type="SequencePoint" ordinal="5" offset="5" sc="0" sl="231" ec="1" el="231" bec="0" bev="0" fileid="1" xmlns:p8="xsi" />
            </Method>
            <Method cyclomaticComplexity="4" nPathComplexity="0" sequenceCoverage="100" branchCoverage="100" isConstructor="False" isGetter="False" isSetter="False" isStatic="True">
              <Summary numSequencePoints="13" visitedSequencePoints="13" numBranchPoints="4" visitedBranchPoints="4" sequenceCoverage="100" branchCoverage="100" maxCyclomaticComplexity="4" minCyclomaticComplexity="4" visitedClasses="0" numClasses="0" visitedMethods="1" numMethods="1" />
              <MetadataToken />
              <Name>System.Threading.Tasks.Task GTiff2Tiles.Core.GdalWorker::ConvertGeoTiffToTargetSystemAsync(System.String,System.String,GTiff2Tiles.Core.Enums.CoordinateSystem,System.IProgress`1&lt;System.Double&gt;)</Name>
              <FileRef uid="1" />
              <SequencePoints>
                <SequencePoint vc="12" uspid="245" ordinal="0" sl="245" sc="1" el="245" ec="2" bec="0" bev="0" fileid="1" />
                <SequencePoint vc="12" uspid="249" ordinal="1" sl="249" sc="1" el="249" ec="2" bec="0" bev="0" fileid="1" />
                <SequencePoint vc="12" uspid="251" ordinal="2" sl="251" sc="1" el="251" ec="2" bec="4" bev="4" fileid="1" />
                <SequencePoint vc="4" uspid="254" ordinal="3" sl="254" sc="1" el="254" ec="2" bec="0" bev="0" fileid="1" />
                <SequencePoint vc="4" uspid="255" ordinal="4" sl="255" sc="1" el="255" ec="2" bec="0" bev="0" fileid="1" />
                <SequencePoint vc="4" uspid="257" ordinal="5" sl="257" sc="1" el="257" ec="2" bec="0" bev="0" fileid="1" />
                <SequencePoint vc="7" uspid="260" ordinal="6" sl="260" sc="1" el="260" ec="2" bec="0" bev="0" fileid="1" />
                <SequencePoint vc="7" uspid="261" ordinal="7" sl="261" sc="1" el="261" ec="2" bec="0" bev="0" fileid="1" />
                <SequencePoint vc="7" uspid="263" ordinal="8" sl="263" sc="1" el="263" ec="2" bec="0" bev="0" fileid="1" />
                <SequencePoint vc="1" uspid="266" ordinal="9" sl="266" sc="1" el="266" ec="2" bec="0" bev="0" fileid="1" />
                <SequencePoint vc="1" uspid="267" ordinal="10" sl="267" sc="1" el="267" ec="2" bec="0" bev="0" fileid="1" />
                <SequencePoint vc="11" uspid="271" ordinal="11" sl="271" sc="1" el="271" ec="2" bec="0" bev="0" fileid="1" />
                <SequencePoint vc="7" uspid="272" ordinal="12" sl="272" sc="1" el="272" ec="2" bec="0" bev="0" fileid="1" />
              </SequencePoints>
              <BranchPoints>
                <BranchPoint vc="8" uspid="251" ordinal="0" path="0" offset="17" offsetend="21" sl="251" fileid="1" />
                <BranchPoint vc="4" uspid="251" ordinal="1" path="1" offset="17" offsetend="27" sl="251" fileid="1" />
                <BranchPoint vc="7" uspid="251" ordinal="3" path="1" offset="23" offsetend="42" sl="251" fileid="1" />
                <BranchPoint vc="1" uspid="251" ordinal="2" path="0" offset="23" offsetend="57" sl="251" fileid="1" />
              </BranchPoints>
              <MethodPoint vc="13" uspid="0" p8:type="SequencePoint" ordinal="6" offset="6" sc="0" sl="245" ec="1" el="272" bec="0" bev="0" fileid="1" xmlns:p8="xsi" />
            </Method>
            <Method cyclomaticComplexity="12" nPathComplexity="0" sequenceCoverage="41.66" branchCoverage="75" isConstructor="False" isGetter="False" isSetter="False" isStatic="True">
              <Summary numSequencePoints="12" visitedSequencePoints="5" numBranchPoints="12" visitedBranchPoints="9" sequenceCoverage="41.66" branchCoverage="75" maxCyclomaticComplexity="12" minCyclomaticComplexity="12" visitedClasses="0" numClasses="0" visitedMethods="1" numMethods="1" />
              <MetadataToken />
              <Name>GTiff2Tiles.Core.Enums.CoordinateSystem GTiff2Tiles.Core.GdalWorker::GetCoordinateSystem(System.String)</Name>
              <FileRef uid="1" />
              <SequencePoints>
                <SequencePoint vc="12" uspid="281" ordinal="0" sl="281" sc="1" el="281" ec="2" bec="0" bev="0" fileid="1" />
                <SequencePoint vc="0" uspid="284" ordinal="1" sl="284" sc="1" el="284" ec="2" bec="2" bev="1" fileid="1" />
                <SequencePoint vc="12" uspid="288" ordinal="2" sl="288" sc="1" el="288" ec="2" bec="0" bev="0" fileid="1" />
                <SequencePoint vc="12" uspid="289" ordinal="3" sl="289" sc="1" el="289" ec="2" bec="0" bev="0" fileid="1" />
                <SequencePoint vc="12" uspid="290" ordinal="4" sl="290" sc="1" el="290" ec="2" bec="0" bev="0" fileid="1" />
                <SequencePoint vc="0" uspid="292" ordinal="5" sl="292" sc="1" el="292" ec="2" bec="4" bev="3" fileid="1" />
                <SequencePoint vc="0" uspid="293" ordinal="6" sl="293" sc="1" el="293" ec="2" bec="0" bev="0" fileid="1" />
                <SequencePoint vc="0" uspid="294" ordinal="7" sl="294" sc="1" el="294" ec="2" bec="2" bev="2" fileid="1" />
                <SequencePoint vc="0" uspid="295" ordinal="8" sl="295" sc="1" el="295" ec="2" bec="2" bev="2" fileid="1" />
                <SequencePoint vc="0" uspid="296" ordinal="9" sl="296" sc="1" el="296" ec="2" bec="2" bev="1" fileid="1" />
                <SequencePoint vc="0" uspid="297" ordinal="10" sl="297" sc="1" el="297" ec="2" bec="0" bev="0" fileid="1" />
                <SequencePoint vc="12" uspid="298" ordinal="11" sl="298" sc="1" el="298" ec="2" bec="0" bev="0" fileid="1" />
              </SequencePoints>
              <BranchPoints>
                <BranchPoint vc="0" uspid="284" ordinal="0" path="0" offset="9" offsetend="11" sl="284" fileid="1" />
                <BranchPoint vc="12" uspid="284" ordinal="1" path="1" offset="9" offsetend="22" sl="284" fileid="1" />
                <BranchPoint vc="0" uspid="292" ordinal="2" path="0" offset="65" offsetend="67" sl="292" fileid="1" />
                <BranchPoint vc="12" uspid="292" ordinal="3" path="1" offset="65" offsetend="68" sl="292" fileid="1" />
                <BranchPoint vc="11" uspid="292" ordinal="5" path="1" offset="70" offsetend="74" sl="292" fileid="1" />
                <BranchPoint vc="9" uspid="294" ordinal="7" path="1" offset="75" offsetend="79" sl="294" fileid="1" />
                <BranchPoint vc="1" uspid="292" ordinal="4" path="0" offset="70" offsetend="84" sl="292" fileid="1" />
                <BranchPoint vc="1" uspid="295" ordinal="9" path="1" offset="85" offsetend="89" sl="295" fileid="1" />
                <BranchPoint vc="2" uspid="294" ordinal="6" path="0" offset="75" offsetend="94" sl="294" fileid="1" />
                <BranchPoint vc="2" uspid="295" ordinal="8" path="0" offset="85" offsetend="94" sl="295" fileid="1" />
                <BranchPoint vc="0" uspid="296" ordinal="10" path="0" offset="100" offsetend="102" sl="296" fileid="1" />
                <BranchPoint vc="12" uspid="296" ordinal="11" path="1" offset="100" offsetend="103" sl="296" fileid="1" />
              </BranchPoints>
              <MethodPoint vc="5" uspid="0" p8:type="SequencePoint" ordinal="7" offset="7" sc="0" sl="281" ec="1" el="298" bec="0" bev="0" fileid="1" xmlns:p8="xsi" />
            </Method>
            <Method cyclomaticComplexity="1" nPathComplexity="0" sequenceCoverage="100" branchCoverage="100" isConstructor="False" isGetter="False" isSetter="False" isStatic="True">
              <Summary numSequencePoints="8" visitedSequencePoints="8" numBranchPoints="0" visitedBranchPoints="0" sequenceCoverage="100" branchCoverage="100" maxCyclomaticComplexity="1" minCyclomaticComplexity="1" visitedClasses="0" numClasses="0" visitedMethods="1" numMethods="1" />
              <MetadataToken />
              <Name>System.Double[] GTiff2Tiles.Core.GdalWorker::GetGeoTransform(System.String)</Name>
              <FileRef uid="1" />
              <SequencePoints>
                <SequencePoint vc="52" uspid="307" ordinal="0" sl="307" sc="1" el="307" ec="2" bec="0" bev="0" fileid="1" />
                <SequencePoint vc="52" uspid="310" ordinal="1" sl="310" sc="1" el="310" ec="2" bec="0" bev="0" fileid="1" />
                <SequencePoint vc="48" uspid="315" ordinal="2" sl="315" sc="1" el="315" ec="2" bec="0" bev="0" fileid="1" />
                <SequencePoint vc="48" uspid="317" ordinal="3" sl="317" sc="1" el="317" ec="2" bec="0" bev="0" fileid="1" />
                <SequencePoint vc="48" uspid="319" ordinal="4" sl="319" sc="1" el="319" ec="2" bec="0" bev="0" fileid="1" />
                <SequencePoint vc="48" uspid="320" ordinal="5" sl="320" sc="1" el="320" ec="2" bec="0" bev="0" fileid="1" />
                <SequencePoint vc="48" uspid="322" ordinal="6" sl="322" sc="1" el="322" ec="2" bec="0" bev="0" fileid="1" />
                <SequencePoint vc="48" uspid="323" ordinal="7" sl="323" sc="1" el="323" ec="2" bec="0" bev="0" fileid="1" />
              </SequencePoints>
              <BranchPoints />
              <MethodPoint vc="8" uspid="0" p8:type="SequencePoint" ordinal="8" offset="8" sc="0" sl="307" ec="1" el="323" bec="0" bev="0" fileid="1" xmlns:p8="xsi" />
            </Method>
            <Method cyclomaticComplexity="6" nPathComplexity="0" sequenceCoverage="100" branchCoverage="100" isConstructor="False" isGetter="False" isSetter="False" isStatic="True">
              <Summary numSequencePoints="18" visitedSequencePoints="18" numBranchPoints="6" visitedBranchPoints="6" sequenceCoverage="100" branchCoverage="100" maxCyclomaticComplexity="6" minCyclomaticComplexity="6" visitedClasses="0" numClasses="0" visitedMethods="1" numMethods="1" />
              <MetadataToken />
              <Name>System.ValueTuple`2&lt;GTiff2Tiles.Core.Coordinates.GeoCoordinate,GTiff2Tiles.Core.Coordinates.GeoCoordinate&gt; GTiff2Tiles.Core.GdalWorker::GetImageBorders(System.String,GTiff2Tiles.Core.Images.Size,GTiff2Tiles.Core.Enums.CoordinateSystem)</Name>
              <FileRef uid="1" />
              <SequencePoints>
                <SequencePoint vc="50" uspid="337" ordinal="0" sl="337" sc="1" el="337" ec="2" bec="0" bev="0" fileid="1" />
                <SequencePoint vc="51" uspid="342" ordinal="1" sl="342" sc="1" el="342" ec="2" bec="2" bev="2" fileid="1" />
                <SequencePoint vc="49" uspid="346" ordinal="2" sl="346" sc="1" el="346" ec="2" bec="0" bev="0" fileid="1" />
                <SequencePoint vc="47" uspid="348" ordinal="3" sl="348" sc="1" el="348" ec="2" bec="0" bev="0" fileid="1" />
                <SequencePoint vc="47" uspid="349" ordinal="4" sl="349" sc="1" el="349" ec="2" bec="0" bev="0" fileid="1" />
                <SequencePoint vc="47" uspid="350" ordinal="5" sl="350" sc="1" el="350" ec="2" bec="0" bev="0" fileid="1" />
                <SequencePoint vc="47" uspid="351" ordinal="6" sl="351" sc="1" el="351" ec="2" bec="0" bev="0" fileid="1" />
                <SequencePoint vc="47" uspid="353" ordinal="7" sl="353" sc="1" el="353" ec="2" bec="4" bev="4" fileid="1" />
                <SequencePoint vc="43" uspid="356" ordinal="8" sl="356" sc="1" el="356" ec="2" bec="0" bev="0" fileid="1" />
                <SequencePoint vc="43" uspid="357" ordinal="9" sl="357" sc="1" el="357" ec="2" bec="0" bev="0" fileid="1" />
                <SequencePoint vc="42" uspid="358" ordinal="10" sl="358" sc="1" el="358" ec="2" bec="0" bev="0" fileid="1" />
                <SequencePoint vc="42" uspid="360" ordinal="11" sl="360" sc="1" el="360" ec="2" bec="0" bev="0" fileid="1" />
                <SequencePoint vc="3" uspid="363" ordinal="12" sl="363" sc="1" el="363" ec="2" bec="0" bev="0" fileid="1" />
                <SequencePoint vc="3" uspid="364" ordinal="13" sl="364" sc="1" el="364" ec="2" bec="0" bev="0" fileid="1" />
                <SequencePoint vc="3" uspid="365" ordinal="14" sl="365" sc="1" el="365" ec="2" bec="0" bev="0" fileid="1" />
                <SequencePoint vc="3" uspid="367" ordinal="15" sl="367" sc="1" el="367" ec="2" bec="0" bev="0" fileid="1" />
                <SequencePoint vc="1" uspid="370" ordinal="16" sl="370" sc="1" el="370" ec="2" bec="0" bev="0" fileid="1" />
                <SequencePoint vc="45" uspid="372" ordinal="17" sl="372" sc="1" el="372" ec="2" bec="0" bev="0" fileid="1" />
              </SequencePoints>
              <BranchPoints>
                <BranchPoint vc="1" uspid="342" ordinal="0" path="0" offset="12" offsetend="14" sl="342" fileid="1" />
                <BranchPoint vc="49" uspid="342" ordinal="1" path="1" offset="12" offsetend="25" sl="342" fileid="1" />
                <BranchPoint vc="4" uspid="353" ordinal="2" path="0" offset="82" offsetend="86" sl="353" fileid="1" />
                <BranchPoint vc="43" uspid="353" ordinal="3" path="1" offset="82" offsetend="93" sl="353" fileid="1" />
                <BranchPoint vc="3" uspid="353" ordinal="5" path="1" offset="89" offsetend="126" sl="353" fileid="1" />
                <BranchPoint vc="1" uspid="353" ordinal="4" path="0" offset="89" offsetend="159" sl="353" fileid="1" />
              </BranchPoints>
              <MethodPoint vc="18" uspid="0" p8:type="SequencePoint" ordinal="9" offset="9" sc="0" sl="337" ec="1" el="372" bec="0" bev="0" fileid="1" xmlns:p8="xsi" />
            </Method>
            <Method cyclomaticComplexity="1" nPathComplexity="0" sequenceCoverage="100" branchCoverage="100" isConstructor="True" isGetter="False" isSetter="False" isStatic="True">
              <Summary numSequencePoints="9" visitedSequencePoints="9" numBranchPoints="0" visitedBranchPoints="0" sequenceCoverage="100" branchCoverage="100" maxCyclomaticComplexity="1" minCyclomaticComplexity="1" visitedClasses="0" numClasses="0" visitedMethods="1" numMethods="1" />
              <MetadataToken />
              <Name>System.Void GTiff2Tiles.Core.GdalWorker::.cctor()</Name>
              <FileRef uid="1" />
              <SequencePoints>
                <SequencePoint vc="1" uspid="47" ordinal="0" sl="47" sc="1" el="47" ec="2" bec="0" bev="0" fileid="1" />
                <SequencePoint vc="1" uspid="52" ordinal="1" sl="52" sc="1" el="52" ec="2" bec="0" bev="0" fileid="1" />
                <SequencePoint vc="1" uspid="60" ordinal="2" sl="60" sc="1" el="60" ec="2" bec="0" bev="0" fileid="1" />
                <SequencePoint vc="1" uspid="61" ordinal="3" sl="61" sc="1" el="61" ec="2" bec="0" bev="0" fileid="1" />
                <SequencePoint vc="1" uspid="62" ordinal="4" sl="62" sc="1" el="62" ec="2" bec="0" bev="0" fileid="1" />
                <SequencePoint vc="1" uspid="63" ordinal="5" sl="63" sc="1" el="63" ec="2" bec="0" bev="0" fileid="1" />
                <SequencePoint vc="1" uspid="64" ordinal="6" sl="64" sc="1" el="64" ec="2" bec="0" bev="0" fileid="1" />
                <SequencePoint vc="1" uspid="65" ordinal="7" sl="65" sc="1" el="65" ec="2" bec="0" bev="0" fileid="1" />
                <SequencePoint vc="1" uspid="72" ordinal="8" sl="72" sc="1" el="72" ec="2" bec="0" bev="0" fileid="1" />
              </SequencePoints>
              <BranchPoints />
              <MethodPoint vc="9" uspid="0" p8:type="SequencePoint" ordinal="10" offset="10" sc="0" sl="47" ec="1" el="72" bec="0" bev="0" fileid="1" xmlns:p8="xsi" />
            </Method>
          </Methods>
        </Class>
        <Class>
          <Summary numSequencePoints="119" visitedSequencePoints="119" numBranchPoints="70" visitedBranchPoints="70" sequenceCoverage="100" branchCoverage="100" maxCyclomaticComplexity="8" minCyclomaticComplexity="1" visitedClasses="1" numClasses="1" visitedMethods="29" numMethods="29" />
          <FullName>GTiff2Tiles.Core.Tiles.Number</FullName>
          <Methods>
            <Method cyclomaticComplexity="1" nPathComplexity="0" sequenceCoverage="100" branchCoverage="100" isConstructor="False" isGetter="True" isSetter="False" isStatic="True">
              <Summary numSequencePoints="1" visitedSequencePoints="1" numBranchPoints="0" visitedBranchPoints="0" sequenceCoverage="100" branchCoverage="100" maxCyclomaticComplexity="1" minCyclomaticComplexity="1" visitedClasses="0" numClasses="0" visitedMethods="1" numMethods="1" />
              <MetadataToken />
              <Name>System.Int32 GTiff2Tiles.Core.Tiles.Number::get_X()</Name>
              <FileRef uid="2" />
              <SequencePoints>
                <SequencePoint vc="4169" uspid="22" ordinal="0" sl="22" sc="1" el="22" ec="2" bec="0" bev="0" fileid="2" />
              </SequencePoints>
              <BranchPoints />
              <MethodPoint vc="1" uspid="0" p8:type="SequencePoint" ordinal="0" offset="0" sc="0" sl="22" ec="1" el="22" bec="0" bev="0" fileid="2" xmlns:p8="xsi" />
            </Method>
            <Method cyclomaticComplexity="1" nPathComplexity="0" sequenceCoverage="100" branchCoverage="100" isConstructor="False" isGetter="True" isSetter="False" isStatic="True">
              <Summary numSequencePoints="1" visitedSequencePoints="1" numBranchPoints="0" visitedBranchPoints="0" sequenceCoverage="100" branchCoverage="100" maxCyclomaticComplexity="1" minCyclomaticComplexity="1" visitedClasses="0" numClasses="0" visitedMethods="1" numMethods="1" />
              <MetadataToken />
              <Name>System.Int32 GTiff2Tiles.Core.Tiles.Number::get_Y()</Name>
              <FileRef uid="2" />
              <SequencePoints>
                <SequencePoint vc="4351" uspid="27" ordinal="0" sl="27" sc="1" el="27" ec="2" bec="0" bev="0" fileid="2" />
              </SequencePoints>
              <BranchPoints />
              <MethodPoint vc="1" uspid="0" p8:type="SequencePoint" ordinal="1" offset="1" sc="0" sl="27" ec="1" el="27" bec="0" bev="0" fileid="2" xmlns:p8="xsi" />
            </Method>
            <Method cyclomaticComplexity="1" nPathComplexity="0" sequenceCoverage="100" branchCoverage="100" isConstructor="False" isGetter="True" isSetter="False" isStatic="True">
              <Summary numSequencePoints="1" visitedSequencePoints="1" numBranchPoints="0" visitedBranchPoints="0" sequenceCoverage="100" branchCoverage="100" maxCyclomaticComplexity="1" minCyclomaticComplexity="1" visitedClasses="0" numClasses="0" visitedMethods="1" numMethods="1" />
              <MetadataToken />
              <Name>System.Int32 GTiff2Tiles.Core.Tiles.Number::get_Z()</Name>
              <FileRef uid="2" />
              <SequencePoints>
                <SequencePoint vc="2845" uspid="32" ordinal="0" sl="32" sc="1" el="32" ec="2" bec="0" bev="0" fileid="2" />
              </SequencePoints>
              <BranchPoints />
              <MethodPoint vc="1" uspid="0" p8:type="SequencePoint" ordinal="2" offset="2" sc="0" sl="32" ec="1" el="32" bec="0" bev="0" fileid="2" xmlns:p8="xsi" />
            </Method>
            <Method cyclomaticComplexity="1" nPathComplexity="0" sequenceCoverage="100" branchCoverage="100" isConstructor="False" isGetter="False" isSetter="False" isStatic="True">
              <Summary numSequencePoints="1" visitedSequencePoints="1" numBranchPoints="0" visitedBranchPoints="0" sequenceCoverage="100" branchCoverage="100" maxCyclomaticComplexity="1" minCyclomaticComplexity="1" visitedClasses="0" numClasses="0" visitedMethods="1" numMethods="1" />
              <MetadataToken />
              <Name>System.Int32 GTiff2Tiles.Core.Tiles.Number::FlipY(System.Int32,System.Int32)</Name>
              <FileRef uid="2" />
              <SequencePoints>
                <SequencePoint vc="831" uspid="73" ordinal="0" sl="73" sc="1" el="73" ec="2" bec="0" bev="0" fileid="2" />
              </SequencePoints>
              <BranchPoints />
              <MethodPoint vc="1" uspid="0" p8:type="SequencePoint" ordinal="3" offset="3" sc="0" sl="73" ec="1" el="73" bec="0" bev="0" fileid="2" xmlns:p8="xsi" />
            </Method>
            <Method cyclomaticComplexity="1" nPathComplexity="0" sequenceCoverage="100" branchCoverage="100" isConstructor="False" isGetter="False" isSetter="False" isStatic="True">
              <Summary numSequencePoints="1" visitedSequencePoints="1" numBranchPoints="0" visitedBranchPoints="0" sequenceCoverage="100" branchCoverage="100" maxCyclomaticComplexity="1" minCyclomaticComplexity="1" visitedClasses="0" numClasses="0" visitedMethods="1" numMethods="1" />
              <MetadataToken />
              <Name>GTiff2Tiles.Core.Tiles.Number GTiff2Tiles.Core.Tiles.Number::Flip()</Name>
              <FileRef uid="2" />
              <SequencePoints>
                <SequencePoint vc="643" uspid="79" ordinal="0" sl="79" sc="1" el="79" ec="2" bec="0" bev="0" fileid="2" />
              </SequencePoints>
              <BranchPoints />
              <MethodPoint vc="1" uspid="0" p8:type="SequencePoint" ordinal="4" offset="4" sc="0" sl="79" ec="1" el="79" bec="0" bev="0" fileid="2" xmlns:p8="xsi" />
            </Method>
            <Method cyclomaticComplexity="2" nPathComplexity="0" sequenceCoverage="100" branchCoverage="100" isConstructor="False" isGetter="False" isSetter="False" isStatic="True">
              <Summary numSequencePoints="4" visitedSequencePoints="4" numBranchPoints="2" visitedBranchPoints="2" sequenceCoverage="100" branchCoverage="100" maxCyclomaticComplexity="2" minCyclomaticComplexity="2" visitedClasses="0" numClasses="0" visitedMethods="1" numMethods="1" />
              <MetadataToken />
              <Name>GTiff2Tiles.Core.Tiles.Number GTiff2Tiles.Core.Tiles.Number::Flip(GTiff2Tiles.Core.Tiles.Number)</Name>
              <FileRef uid="2" />
              <SequencePoints>
                <SequencePoint vc="832" uspid="85" ordinal="0" sl="85" sc="1" el="85" ec="2" bec="0" bev="0" fileid="2" />
                <SequencePoint vc="833" uspid="88" ordinal="1" sl="88" sc="1" el="88" ec="2" bec="2" bev="2" fileid="2" />
                <SequencePoint vc="831" uspid="92" ordinal="2" sl="92" sc="1" el="92" ec="2" bec="0" bev="0" fileid="2" />
                <SequencePoint vc="831" uspid="93" ordinal="3" sl="93" sc="1" el="93" ec="2" bec="0" bev="0" fileid="2" />
              </SequencePoints>
              <BranchPoints>
                <BranchPoint vc="1" uspid="88" ordinal="0" path="0" offset="10" offsetend="12" sl="88" fileid="2" />
                <BranchPoint vc="831" uspid="88" ordinal="1" path="1" offset="10" offsetend="23" sl="88" fileid="2" />
              </BranchPoints>
              <MethodPoint vc="4" uspid="0" p8:type="SequencePoint" ordinal="5" offset="5" sc="0" sl="85" ec="1" el="93" bec="0" bev="0" fileid="2" xmlns:p8="xsi" />
            </Method>
            <Method cyclomaticComplexity="1" nPathComplexity="0" sequenceCoverage="100" branchCoverage="100" isConstructor="False" isGetter="False" isSetter="False" isStatic="True">
              <Summary numSequencePoints="1" visitedSequencePoints="1" numBranchPoints="0" visitedBranchPoints="0" sequenceCoverage="100" branchCoverage="100" maxCyclomaticComplexity="1" minCyclomaticComplexity="1" visitedClasses="0" numClasses="0" visitedMethods="1" numMethods="1" />
              <MetadataToken />
              <Name>System.ValueTuple`2&lt;GTiff2Tiles.Core.Coordinates.GeodeticCoordinate,GTiff2Tiles.Core.Coordinates.GeodeticCoordinate&gt; GTiff2Tiles.Core.Tiles.Number::ToGeodeticCoordinates(GTiff2Tiles.Core.Images.Size,System.Boolean)</Name>
              <FileRef uid="2" />
              <SequencePoints>
                <SequencePoint vc="215" uspid="107" ordinal="0" sl="107" sc="1" el="107" ec="2" bec="0" bev="0" fileid="2" />
              </SequencePoints>
              <BranchPoints />
              <MethodPoint vc="1" uspid="0" p8:type="SequencePoint" ordinal="6" offset="6" sc="0" sl="107" ec="1" el="107" bec="0" bev="0" fileid="2" xmlns:p8="xsi" />
            </Method>
            <Method cyclomaticComplexity="6" nPathComplexity="0" sequenceCoverage="100" branchCoverage="100" isConstructor="False" isGetter="False" isSetter="False" isStatic="True">
              <Summary numSequencePoints="11" visitedSequencePoints="11" numBranchPoints="6" visitedBranchPoints="6" sequenceCoverage="100" branchCoverage="100" maxCyclomaticComplexity="6" minCyclomaticComplexity="6" visitedClasses="0" numClasses="0" visitedMethods="1" numMethods="1" />
              <MetadataToken />
              <Name>System.ValueTuple`2&lt;GTiff2Tiles.Core.Coordinates.GeodeticCoordinate,GTiff2Tiles.Core.Coordinates.GeodeticCoordinate&gt; GTiff2Tiles.Core.Tiles.Number::ToGeodeticCoordinates(GTiff2Tiles.Core.Tiles.Number,GTiff2Tiles.Core.Images.Size,System.Boolean)</Name>
              <FileRef uid="2" />
              <SequencePoints>
                <SequencePoint vc="216" uspid="115" ordinal="0" sl="115" sc="1" el="115" ec="2" bec="0" bev="0" fileid="2" />
                <SequencePoint vc="217" uspid="118" ordinal="1" sl="118" sc="1" el="118" ec="2" bec="2" bev="2" fileid="2" />
                <SequencePoint vc="216" uspid="119" ordinal="2" sl="119" sc="1" el="119" ec="2" bec="2" bev="2" fileid="2" />
                <SequencePoint vc="376" uspid="123" ordinal="3" sl="123" sc="1" el="123" ec="2" bec="2" bev="2" fileid="2" />
                <SequencePoint vc="214" uspid="125" ordinal="4" sl="125" sc="1" el="125" ec="2" bec="0" bev="0" fileid="2" />
                <SequencePoint vc="214" uspid="127" ordinal="5" sl="127" sc="1" el="127" ec="2" bec="0" bev="0" fileid="2" />
                <SequencePoint vc="214" uspid="128" ordinal="6" sl="128" sc="1" el="128" ec="2" bec="0" bev="0" fileid="2" />
                <SequencePoint vc="214" uspid="129" ordinal="7" sl="129" sc="1" el="129" ec="2" bec="0" bev="0" fileid="2" />
                <SequencePoint vc="214" uspid="130" ordinal="8" sl="130" sc="1" el="130" ec="2" bec="0" bev="0" fileid="2" />
                <SequencePoint vc="214" uspid="132" ordinal="9" sl="132" sc="1" el="132" ec="2" bec="0" bev="0" fileid="2" />
                <SequencePoint vc="214" uspid="133" ordinal="10" sl="133" sc="1" el="133" ec="2" bec="0" bev="0" fileid="2" />
              </SequencePoints>
              <BranchPoints>
                <BranchPoint vc="1" uspid="118" ordinal="0" path="0" offset="10" offsetend="12" sl="118" fileid="2" />
                <BranchPoint vc="215" uspid="118" ordinal="1" path="1" offset="10" offsetend="23" sl="118" fileid="2" />
                <BranchPoint vc="1" uspid="119" ordinal="2" path="0" offset="34" offsetend="36" sl="119" fileid="2" />
                <BranchPoint vc="214" uspid="119" ordinal="3" path="1" offset="34" offsetend="47" sl="119" fileid="2" />
                <BranchPoint vc="162" uspid="123" ordinal="4" path="0" offset="55" offsetend="57" sl="123" fileid="2" />
                <BranchPoint vc="214" uspid="123" ordinal="5" path="1" offset="55" offsetend="65" sl="123" fileid="2" />
              </BranchPoints>
              <MethodPoint vc="11" uspid="0" p8:type="SequencePoint" ordinal="7" offset="7" sc="0" sl="115" ec="1" el="133" bec="0" bev="0" fileid="2" xmlns:p8="xsi" />
            </Method>
            <Method cyclomaticComplexity="1" nPathComplexity="0" sequenceCoverage="100" branchCoverage="100" isConstructor="False" isGetter="False" isSetter="False" isStatic="True">
              <Summary numSequencePoints="1" visitedSequencePoints="1" numBranchPoints="0" visitedBranchPoints="0" sequenceCoverage="100" branchCoverage="100" maxCyclomaticComplexity="1" minCyclomaticComplexity="1" visitedClasses="0" numClasses="0" visitedMethods="1" numMethods="1" />
              <MetadataToken />
              <Name>System.ValueTuple`2&lt;GTiff2Tiles.Core.Coordinates.MercatorCoordinate,GTiff2Tiles.Core.Coordinates.MercatorCoordinate&gt; GTiff2Tiles.Core.Tiles.Number::ToMercatorCoordinates(GTiff2Tiles.Core.Images.Size,System.Boolean)</Name>
              <FileRef uid="2" />
              <SequencePoints>
                <SequencePoint vc="27" uspid="143" ordinal="0" sl="143" sc="1" el="143" ec="2" bec="0" bev="0" fileid="2" />
              </SequencePoints>
              <BranchPoints />
              <MethodPoint vc="1" uspid="0" p8:type="SequencePoint" ordinal="8" offset="8" sc="0" sl="143" ec="1" el="143" bec="0" bev="0" fileid="2" xmlns:p8="xsi" />
            </Method>
            <Method cyclomaticComplexity="6" nPathComplexity="0" sequenceCoverage="100" branchCoverage="100" isConstructor="False" isGetter="False" isSetter="False" isStatic="True">
              <Summary numSequencePoints="14" visitedSequencePoints="14" numBranchPoints="6" visitedBranchPoints="6" sequenceCoverage="100" branchCoverage="100" maxCyclomaticComplexity="6" minCyclomaticComplexity="6" visitedClasses="0" numClasses="0" visitedMethods="1" numMethods="1" />
              <MetadataToken />
              <Name>System.ValueTuple`2&lt;GTiff2Tiles.Core.Coordinates.MercatorCoordinate,GTiff2Tiles.Core.Coordinates.MercatorCoordinate&gt; GTiff2Tiles.Core.Tiles.Number::ToMercatorCoordinates(GTiff2Tiles.Core.Tiles.Number,GTiff2Tiles.Core.Images.Size,System.Boolean)</Name>
              <FileRef uid="2" />
              <SequencePoints>
                <SequencePoint vc="28" uspid="151" ordinal="0" sl="151" sc="1" el="151" ec="2" bec="0" bev="0" fileid="2" />
                <SequencePoint vc="29" uspid="154" ordinal="1" sl="154" sc="1" el="154" ec="2" bec="2" bev="2" fileid="2" />
                <SequencePoint vc="28" uspid="155" ordinal="2" sl="155" sc="1" el="155" ec="2" bec="2" bev="2" fileid="2" />
                <SequencePoint vc="52" uspid="159" ordinal="3" sl="159" sc="1" el="159" ec="2" bec="2" bev="2" fileid="2" />
                <SequencePoint vc="26" uspid="161" ordinal="4" sl="161" sc="1" el="161" ec="2" bec="0" bev="0" fileid="2" />
                <SequencePoint vc="26" uspid="162" ordinal="5" sl="162" sc="1" el="162" ec="2" bec="0" bev="0" fileid="2" />
                <SequencePoint vc="26" uspid="163" ordinal="6" sl="163" sc="1" el="163" ec="2" bec="0" bev="0" fileid="2" />
                <SequencePoint vc="26" uspid="164" ordinal="7" sl="164" sc="1" el="164" ec="2" bec="0" bev="0" fileid="2" />
                <SequencePoint vc="26" uspid="165" ordinal="8" sl="165" sc="1" el="165" ec="2" bec="0" bev="0" fileid="2" />
                <SequencePoint vc="26" uspid="166" ordinal="9" sl="166" sc="1" el="166" ec="2" bec="0" bev="0" fileid="2" />
                <SequencePoint vc="26" uspid="167" ordinal="10" sl="167" sc="1" el="167" ec="2" bec="0" bev="0" fileid="2" />
                <SequencePoint vc="26" uspid="168" ordinal="11" sl="168" sc="1" el="168" ec="2" bec="0" bev="0" fileid="2" />
                <SequencePoint vc="26" uspid="170" ordinal="12" sl="170" sc="1" el="170" ec="2" bec="0" bev="0" fileid="2" />
                <SequencePoint vc="26" uspid="171" ordinal="13" sl="171" sc="1" el="171" ec="2" bec="0" bev="0" fileid="2" />
              </SequencePoints>
              <BranchPoints>
                <BranchPoint vc="1" uspid="154" ordinal="0" path="0" offset="12" offsetend="14" sl="154" fileid="2" />
                <BranchPoint vc="27" uspid="154" ordinal="1" path="1" offset="12" offsetend="25" sl="154" fileid="2" />
                <BranchPoint vc="1" uspid="155" ordinal="2" path="0" offset="36" offsetend="38" sl="155" fileid="2" />
                <BranchPoint vc="26" uspid="155" ordinal="3" path="1" offset="36" offsetend="49" sl="155" fileid="2" />
                <BranchPoint vc="26" uspid="159" ordinal="4" path="0" offset="57" offsetend="59" sl="159" fileid="2" />
                <BranchPoint vc="26" uspid="159" ordinal="5" path="1" offset="57" offsetend="67" sl="159" fileid="2" />
              </BranchPoints>
              <MethodPoint vc="14" uspid="0" p8:type="SequencePoint" ordinal="9" offset="9" sc="0" sl="151" ec="1" el="171" bec="0" bev="0" fileid="2" xmlns:p8="xsi" />
            </Method>
            <Method cyclomaticComplexity="1" nPathComplexity="0" sequenceCoverage="100" branchCoverage="100" isConstructor="False" isGetter="False" isSetter="False" isStatic="True">
              <Summary numSequencePoints="1" visitedSequencePoints="1" numBranchPoints="0" visitedBranchPoints="0" sequenceCoverage="100" branchCoverage="100" maxCyclomaticComplexity="1" minCyclomaticComplexity="1" visitedClasses="0" numClasses="0" visitedMethods="1" numMethods="1" />
              <MetadataToken />
              <Name>System.ValueTuple`2&lt;GTiff2Tiles.Core.Coordinates.GeoCoordinate,GTiff2Tiles.Core.Coordinates.GeoCoordinate&gt; GTiff2Tiles.Core.Tiles.Number::ToGeoCoordinates(GTiff2Tiles.Core.Enums.CoordinateSystem,GTiff2Tiles.Core.Images.Size,System.Boolean)</Name>
              <FileRef uid="2" />
              <SequencePoints>
                <SequencePoint vc="239" uspid="183" ordinal="0" sl="183" sc="1" el="183" ec="2" bec="0" bev="0" fileid="2" />
              </SequencePoints>
              <BranchPoints />
              <MethodPoint vc="1" uspid="0" p8:type="SequencePoint" ordinal="10" offset="10" sc="0" sl="183" ec="1" el="183" bec="0" bev="0" fileid="2" xmlns:p8="xsi" />
            </Method>
            <Method cyclomaticComplexity="6" nPathComplexity="0" sequenceCoverage="100" branchCoverage="100" isConstructor="False" isGetter="False" isSetter="False" isStatic="True">
              <Summary numSequencePoints="13" visitedSequencePoints="13" numBranchPoints="6" visitedBranchPoints="6" sequenceCoverage="100" branchCoverage="100" maxCyclomaticComplexity="6" minCyclomaticComplexity="6" visitedClasses="0" numClasses="0" visitedMethods="1" numMethods="1" />
              <MetadataToken />
              <Name>System.ValueTuple`2&lt;GTiff2Tiles.Core.Coordinates.GeoCoordinate,GTiff2Tiles.Core.Coordinates.GeoCoordinate&gt; GTiff2Tiles.Core.Tiles.Number::ToGeoCoordinates(GTiff2Tiles.Core.Tiles.Number,GTiff2Tiles.Core.Enums.CoordinateSystem,GTiff2Tiles.Core.Images.Size,System.Boolean)</Name>
              <FileRef uid="2" />
              <SequencePoints>
                <SequencePoint vc="240" uspid="193" ordinal="0" sl="193" sc="1" el="193" ec="2" bec="0" bev="0" fileid="2" />
                <SequencePoint vc="241" uspid="196" ordinal="1" sl="196" sc="1" el="196" ec="2" bec="2" bev="2" fileid="2" />
                <SequencePoint vc="239" uspid="200" ordinal="2" sl="200" sc="1" el="200" ec="2" bec="4" bev="4" fileid="2" />
                <SequencePoint vc="213" uspid="203" ordinal="3" sl="203" sc="1" el="203" ec="2" bec="0" bev="0" fileid="2" />
                <SequencePoint vc="213" uspid="204" ordinal="4" sl="204" sc="1" el="204" ec="2" bec="0" bev="0" fileid="2" />
                <SequencePoint vc="213" uspid="205" ordinal="5" sl="205" sc="1" el="205" ec="2" bec="0" bev="0" fileid="2" />
                <SequencePoint vc="213" uspid="207" ordinal="6" sl="207" sc="1" el="207" ec="2" bec="0" bev="0" fileid="2" />
                <SequencePoint vc="25" uspid="210" ordinal="7" sl="210" sc="1" el="210" ec="2" bec="0" bev="0" fileid="2" />
                <SequencePoint vc="25" uspid="211" ordinal="8" sl="211" sc="1" el="211" ec="2" bec="0" bev="0" fileid="2" />
                <SequencePoint vc="25" uspid="212" ordinal="9" sl="212" sc="1" el="212" ec="2" bec="0" bev="0" fileid="2" />
                <SequencePoint vc="25" uspid="214" ordinal="10" sl="214" sc="1" el="214" ec="2" bec="0" bev="0" fileid="2" />
                <SequencePoint vc="1" uspid="216" ordinal="11" sl="216" sc="1" el="216" ec="2" bec="0" bev="0" fileid="2" />
                <SequencePoint vc="238" uspid="218" ordinal="12" sl="218" sc="1" el="218" ec="2" bec="0" bev="0" fileid="2" />
              </SequencePoints>
              <BranchPoints>
                <BranchPoint vc="1" uspid="196" ordinal="0" path="0" offset="10" offsetend="12" sl="196" fileid="2" />
                <BranchPoint vc="239" uspid="196" ordinal="1" path="1" offset="10" offsetend="23" sl="196" fileid="2" />
                <BranchPoint vc="26" uspid="200" ordinal="2" path="0" offset="28" offsetend="32" sl="200" fileid="2" />
                <BranchPoint vc="213" uspid="200" ordinal="3" path="1" offset="28" offsetend="38" sl="200" fileid="2" />
                <BranchPoint vc="25" uspid="200" ordinal="5" path="1" offset="34" offsetend="73" sl="200" fileid="2" />
                <BranchPoint vc="1" uspid="200" ordinal="4" path="0" offset="34" offsetend="110" sl="200" fileid="2" />
              </BranchPoints>
              <MethodPoint vc="13" uspid="0" p8:type="SequencePoint" ordinal="11" offset="11" sc="0" sl="193" ec="1" el="218" bec="0" bev="0" fileid="2" xmlns:p8="xsi" />
            </Method>
            <Method cyclomaticComplexity="1" nPathComplexity="0" sequenceCoverage="100" branchCoverage="100" isConstructor="False" isGetter="False" isSetter="False" isStatic="True">
              <Summary numSequencePoints="1" visitedSequencePoints="1" numBranchPoints="0" visitedBranchPoints="0" sequenceCoverage="100" branchCoverage="100" maxCyclomaticComplexity="1" minCyclomaticComplexity="1" visitedClasses="0" numClasses="0" visitedMethods="1" numMethods="1" />
              <MetadataToken />
              <Name>System.ValueTuple`2&lt;GTiff2Tiles.Core.Tiles.Number,GTiff2Tiles.Core.Tiles.Number&gt; GTiff2Tiles.Core.Tiles.Number::GetLowerNumbers(System.Int32)</Name>
              <FileRef uid="2" />
              <SequencePoints>
                <SequencePoint vc="2" uspid="233" ordinal="0" sl="233" sc="1" el="233" ec="2" bec="0" bev="0" fileid="2" />
              </SequencePoints>
              <BranchPoints />
              <MethodPoint vc="1" uspid="0" p8:type="SequencePoint" ordinal="12" offset="12" sc="0" sl="233" ec="1" el="233" bec="0" bev="0" fileid="2" xmlns:p8="xsi" />
            </Method>
            <Method cyclomaticComplexity="4" nPathComplexity="0" sequenceCoverage="100" branchCoverage="100" isConstructor="False" isGetter="False" isSetter="False" isStatic="True">
              <Summary numSequencePoints="10" visitedSequencePoints="10" numBranchPoints="4" visitedBranchPoints="4" sequenceCoverage="100" branchCoverage="100" maxCyclomaticComplexity="4" minCyclomaticComplexity="4" visitedClasses="0" numClasses="0" visitedMethods="1" numMethods="1" />
              <MetadataToken />
              <Name>System.ValueTuple`2&lt;GTiff2Tiles.Core.Tiles.Number,GTiff2Tiles.Core.Tiles.Number&gt; GTiff2Tiles.Core.Tiles.Number::GetLowerNumbers(GTiff2Tiles.Core.Tiles.Number,System.Int32)</Name>
              <FileRef uid="2" />
              <SequencePoints>
                <SequencePoint vc="3" uspid="239" ordinal="0" sl="239" sc="1" el="239" ec="2" bec="0" bev="0" fileid="2" />
                <SequencePoint vc="4" uspid="242" ordinal="1" sl="242" sc="1" el="242" ec="2" bec="2" bev="2" fileid="2" />
                <SequencePoint vc="3" uspid="243" ordinal="2" sl="243" sc="1" el="243" ec="2" bec="2" bev="2" fileid="2" />
                <SequencePoint vc="1" uspid="247" ordinal="3" sl="247" sc="1" el="247" ec="2" bec="0" bev="0" fileid="2" />
                <SequencePoint vc="1" uspid="249" ordinal="4" sl="249" sc="1" el="249" ec="2" bec="0" bev="0" fileid="2" />
                <SequencePoint vc="1" uspid="250" ordinal="5" sl="250" sc="1" el="250" ec="2" bec="0" bev="0" fileid="2" />
                <SequencePoint vc="1" uspid="252" ordinal="6" sl="252" sc="1" el="252" ec="2" bec="0" bev="0" fileid="2" />
                <SequencePoint vc="1" uspid="253" ordinal="7" sl="253" sc="1" el="253" ec="2" bec="0" bev="0" fileid="2" />
                <SequencePoint vc="1" uspid="255" ordinal="8" sl="255" sc="1" el="255" ec="2" bec="0" bev="0" fileid="2" />
                <SequencePoint vc="1" uspid="256" ordinal="9" sl="256" sc="1" el="256" ec="2" bec="0" bev="0" fileid="2" />
              </SequencePoints>
              <BranchPoints>
                <BranchPoint vc="1" uspid="242" ordinal="0" path="0" offset="12" offsetend="14" sl="242" fileid="2" />
                <BranchPoint vc="2" uspid="242" ordinal="1" path="1" offset="12" offsetend="25" sl="242" fileid="2" />
                <BranchPoint vc="1" uspid="243" ordinal="2" path="0" offset="34" offsetend="36" sl="243" fileid="2" />
                <BranchPoint vc="1" uspid="243" ordinal="3" path="1" offset="34" offsetend="47" sl="243" fileid="2" />
              </BranchPoints>
              <MethodPoint vc="10" uspid="0" p8:type="SequencePoint" ordinal="13" offset="13" sc="0" sl="239" ec="1" el="256" bec="0" bev="0" fileid="2" xmlns:p8="xsi" />
            </Method>
            <Method cyclomaticComplexity="6" nPathComplexity="0" sequenceCoverage="100" branchCoverage="100" isConstructor="False" isGetter="False" isSetter="False" isStatic="True">
              <Summary numSequencePoints="14" visitedSequencePoints="14" numBranchPoints="6" visitedBranchPoints="6" sequenceCoverage="100" branchCoverage="100" maxCyclomaticComplexity="6" minCyclomaticComplexity="6" visitedClasses="0" numClasses="0" visitedMethods="1" numMethods="1" />
              <MetadataToken />
              <Name>System.Int32 GTiff2Tiles.Core.Tiles.Number::GetCount(GTiff2Tiles.Core.Coordinates.GeoCoordinate,GTiff2Tiles.Core.Coordinates.GeoCoordinate,System.Int32,System.Int32,System.Boolean,GTiff2Tiles.Core.Images.Size)</Name>
              <FileRef uid="2" />
              <SequencePoints>
                <SequencePoint vc="21" uspid="276" ordinal="0" sl="276" sc="1" el="276" ec="2" bec="0" bev="0" fileid="2" />
                <SequencePoint vc="22" uspid="282" ordinal="1" sl="282" sc="1" el="282" ec="2" bec="2" bev="2" fileid="2" />
                <SequencePoint vc="21" uspid="283" ordinal="2" sl="283" sc="1" el="283" ec="2" bec="2" bev="2" fileid="2" />
                <SequencePoint vc="19" uspid="287" ordinal="3" sl="287" sc="1" el="287" ec="2" bec="0" bev="0" fileid="2" />
                <SequencePoint vc="496" uspid="289" ordinal="4" sl="289" sc="1" el="289" ec="2" bec="2" bev="2" fileid="2" />
                <SequencePoint vc="229" uspid="290" ordinal="5" sl="290" sc="1" el="290" ec="2" bec="0" bev="0" fileid="2" />
                <SequencePoint vc="229" uspid="291" ordinal="6" sl="291" sc="1" el="291" ec="2" bec="0" bev="0" fileid="2" />
                <SequencePoint vc="229" uspid="292" ordinal="7" sl="292" sc="1" el="292" ec="2" bec="0" bev="0" fileid="2" />
                <SequencePoint vc="229" uspid="294" ordinal="8" sl="294" sc="1" el="294" ec="2" bec="0" bev="0" fileid="2" />
                <SequencePoint vc="229" uspid="295" ordinal="9" sl="295" sc="1" el="295" ec="2" bec="0" bev="0" fileid="2" />
                <SequencePoint vc="229" uspid="297" ordinal="10" sl="297" sc="1" el="297" ec="2" bec="0" bev="0" fileid="2" />
                <SequencePoint vc="229" uspid="298" ordinal="11" sl="298" sc="1" el="298" ec="2" bec="0" bev="0" fileid="2" />
                <SequencePoint vc="19" uspid="300" ordinal="12" sl="300" sc="1" el="300" ec="2" bec="0" bev="0" fileid="2" />
                <SequencePoint vc="19" uspid="301" ordinal="13" sl="301" sc="1" el="301" ec="2" bec="0" bev="0" fileid="2" />
              </SequencePoints>
              <BranchPoints>
                <BranchPoint vc="1" uspid="282" ordinal="0" path="0" offset="7" offsetend="9" sl="282" fileid="2" />
                <BranchPoint vc="20" uspid="282" ordinal="1" path="1" offset="7" offsetend="20" sl="282" fileid="2" />
                <BranchPoint vc="1" uspid="283" ordinal="2" path="0" offset="26" offsetend="28" sl="283" fileid="2" />
                <BranchPoint vc="19" uspid="283" ordinal="3" path="1" offset="26" offsetend="39" sl="283" fileid="2" />
                <BranchPoint vc="229" uspid="289" ordinal="5" path="1" offset="169" offsetend="45" sl="289" fileid="2" />
                <BranchPoint vc="19" uspid="289" ordinal="4" path="0" offset="169" offsetend="171" sl="289" fileid="2" />
              </BranchPoints>
              <MethodPoint vc="14" uspid="0" p8:type="SequencePoint" ordinal="14" offset="14" sc="0" sl="276" ec="1" el="301" bec="0" bev="0" fileid="2" xmlns:p8="xsi" />
            </Method>
            <Method cyclomaticComplexity="1" nPathComplexity="0" sequenceCoverage="100" branchCoverage="100" isConstructor="False" isGetter="False" isSetter="False" isStatic="True">
              <Summary numSequencePoints="1" visitedSequencePoints="1" numBranchPoints="0" visitedBranchPoints="0" sequenceCoverage="100" branchCoverage="100" maxCyclomaticComplexity="1" minCyclomaticComplexity="1" visitedClasses="0" numClasses="0" visitedMethods="1" numMethods="1" />
              <MetadataToken />
              <Name>System.Boolean GTiff2Tiles.Core.Tiles.Number::Equals(System.Object)</Name>
              <FileRef uid="2" />
              <SequencePoints>
                <SequencePoint vc="2" uspid="308" ordinal="0" sl="308" sc="1" el="308" ec="2" bec="0" bev="0" fileid="2" />
              </SequencePoints>
              <BranchPoints />
              <MethodPoint vc="1" uspid="0" p8:type="SequencePoint" ordinal="15" offset="15" sc="0" sl="308" ec="1" el="308" bec="0" bev="0" fileid="2" xmlns:p8="xsi" />
            </Method>
            <Method cyclomaticComplexity="1" nPathComplexity="0" sequenceCoverage="100" branchCoverage="100" isConstructor="False" isGetter="False" isSetter="False" isStatic="True">
              <Summary numSequencePoints="1" visitedSequencePoints="1" numBranchPoints="0" visitedBranchPoints="0" sequenceCoverage="100" branchCoverage="100" maxCyclomaticComplexity="1" minCyclomaticComplexity="1" visitedClasses="0" numClasses="0" visitedMethods="1" numMethods="1" />
              <MetadataToken />
              <Name>System.Int32 GTiff2Tiles.Core.Tiles.Number::GetHashCode()</Name>
              <FileRef uid="2" />
              <SequencePoints>
                <SequencePoint vc="1" uspid="311" ordinal="0" sl="311" sc="1" el="311" ec="2" bec="0" bev="0" fileid="2" />
              </SequencePoints>
              <BranchPoints />
              <MethodPoint vc="1" uspid="0" p8:type="SequencePoint" ordinal="16" offset="16" sc="0" sl="311" ec="1" el="311" bec="0" bev="0" fileid="2" xmlns:p8="xsi" />
            </Method>
            <Method cyclomaticComplexity="8" nPathComplexity="0" sequenceCoverage="100" branchCoverage="100" isConstructor="False" isGetter="False" isSetter="False" isStatic="True">
              <Summary numSequencePoints="5" visitedSequencePoints="5" numBranchPoints="8" visitedBranchPoints="8" sequenceCoverage="100" branchCoverage="100" maxCyclomaticComplexity="8" minCyclomaticComplexity="8" visitedClasses="0" numClasses="0" visitedMethods="1" numMethods="1" />
              <MetadataToken />
              <Name>System.Boolean GTiff2Tiles.Core.Tiles.Number::Equals(GTiff2Tiles.Core.Tiles.Number)</Name>
              <FileRef uid="2" />
              <SequencePoints>
                <SequencePoint vc="1362" uspid="315" ordinal="0" sl="315" sc="1" el="315" ec="2" bec="0" bev="0" fileid="2" />
                <SequencePoint vc="2703" uspid="316" ordinal="1" sl="316" sc="1" el="316" ec="2" bec="2" bev="2" fileid="2" />
                <SequencePoint vc="22" uspid="317" ordinal="2" sl="317" sc="1" el="317" ec="2" bec="2" bev="2" fileid="2" />
                <SequencePoint vc="20" uspid="319" ordinal="3" sl="319" sc="1" el="319" ec="2" bec="4" bev="4" fileid="2" />
                <SequencePoint vc="1362" uspid="320" ordinal="4" sl="320" sc="1" el="320" ec="2" bec="0" bev="0" fileid="2" />
              </SequencePoints>
              <BranchPoints>
                <BranchPoint vc="1341" uspid="316" ordinal="0" path="0" offset="7" offsetend="9" sl="316" fileid="2" />
                <BranchPoint vc="21" uspid="316" ordinal="1" path="1" offset="7" offsetend="13" sl="316" fileid="2" />
                <BranchPoint vc="1" uspid="317" ordinal="2" path="0" offset="19" offsetend="21" sl="317" fileid="2" />
                <BranchPoint vc="20" uspid="317" ordinal="3" path="1" offset="19" offsetend="25" sl="317" fileid="2" />
                <BranchPoint vc="17" uspid="319" ordinal="4" path="0" offset="37" offsetend="39" sl="319" fileid="2" />
                <BranchPoint vc="17" uspid="319" ordinal="6" path="0" offset="51" offsetend="53" sl="319" fileid="2" />
                <BranchPoint vc="3" uspid="319" ordinal="5" path="1" offset="37" offsetend="69" sl="319" fileid="2" />
                <BranchPoint vc="3" uspid="319" ordinal="7" path="1" offset="51" offsetend="69" sl="319" fileid="2" />
              </BranchPoints>
              <MethodPoint vc="5" uspid="0" p8:type="SequencePoint" ordinal="17" offset="17" sc="0" sl="315" ec="1" el="320" bec="0" bev="0" fileid="2" xmlns:p8="xsi" />
            </Method>
            <Method cyclomaticComplexity="2" nPathComplexity="0" sequenceCoverage="100" branchCoverage="100" isConstructor="False" isGetter="False" isSetter="False" isStatic="True">
              <Summary numSequencePoints="1" visitedSequencePoints="1" numBranchPoints="2" visitedBranchPoints="2" sequenceCoverage="100" branchCoverage="100" maxCyclomaticComplexity="2" minCyclomaticComplexity="2" visitedClasses="0" numClasses="0" visitedMethods="1" numMethods="1" />
              <MetadataToken />
              <Name>System.Boolean GTiff2Tiles.Core.Tiles.Number::op_Equality(GTiff2Tiles.Core.Tiles.Number,GTiff2Tiles.Core.Tiles.Number)</Name>
              <FileRef uid="2" />
              <SequencePoints>
                <SequencePoint vc="1370" uspid="329" ordinal="0" sl="329" sc="1" el="329" ec="2" bec="2" bev="2" fileid="2" />
              </SequencePoints>
              <BranchPoints>
                <BranchPoint vc="16" uspid="329" ordinal="0" path="0" offset="1" offsetend="3" sl="329" fileid="2" />
                <BranchPoint vc="1354" uspid="329" ordinal="1" path="1" offset="1" offsetend="9" sl="329" fileid="2" />
              </BranchPoints>
              <MethodPoint vc="1" uspid="0" p8:type="SequencePoint" ordinal="18" offset="18" sc="0" sl="329" ec="1" el="329" bec="0" bev="0" fileid="2" xmlns:p8="xsi" />
            </Method>
            <Method cyclomaticComplexity="1" nPathComplexity="0" sequenceCoverage="100" branchCoverage="100" isConstructor="False" isGetter="False" isSetter="False" isStatic="True">
              <Summary numSequencePoints="1" visitedSequencePoints="1" numBranchPoints="0" visitedBranchPoints="0" sequenceCoverage="100" branchCoverage="100" maxCyclomaticComplexity="1" minCyclomaticComplexity="1" visitedClasses="0" numClasses="0" visitedMethods="1" numMethods="1" />
              <MetadataToken />
              <Name>System.Boolean GTiff2Tiles.Core.Tiles.Number::op_Inequality(GTiff2Tiles.Core.Tiles.Number,GTiff2Tiles.Core.Tiles.Number)</Name>
              <FileRef uid="2" />
              <SequencePoints>
                <SequencePoint vc="4" uspid="338" ordinal="0" sl="338" sc="1" el="338" ec="2" bec="0" bev="0" fileid="2" />
              </SequencePoints>
              <BranchPoints />
              <MethodPoint vc="1" uspid="0" p8:type="SequencePoint" ordinal="19" offset="19" sc="0" sl="338" ec="1" el="338" bec="0" bev="0" fileid="2" xmlns:p8="xsi" />
            </Method>
            <Method cyclomaticComplexity="6" nPathComplexity="0" sequenceCoverage="100" branchCoverage="100" isConstructor="False" isGetter="False" isSetter="False" isStatic="True">
              <Summary numSequencePoints="6" visitedSequencePoints="6" numBranchPoints="6" visitedBranchPoints="6" sequenceCoverage="100" branchCoverage="100" maxCyclomaticComplexity="6" minCyclomaticComplexity="6" visitedClasses="0" numClasses="0" visitedMethods="1" numMethods="1" />
              <MetadataToken />
              <Name>GTiff2Tiles.Core.Tiles.Number GTiff2Tiles.Core.Tiles.Number::op_Addition(GTiff2Tiles.Core.Tiles.Number,GTiff2Tiles.Core.Tiles.Number)</Name>
              <FileRef uid="2" />
              <SequencePoints>
                <SequencePoint vc="4" uspid="356" ordinal="0" sl="356" sc="1" el="356" ec="2" bec="0" bev="0" fileid="2" />
                <SequencePoint vc="5" uspid="359" ordinal="1" sl="359" sc="1" el="359" ec="2" bec="2" bev="2" fileid="2" />
                <SequencePoint vc="4" uspid="360" ordinal="2" sl="360" sc="1" el="360" ec="2" bec="2" bev="2" fileid="2" />
                <SequencePoint vc="3" uspid="361" ordinal="3" sl="361" sc="1" el="361" ec="2" bec="2" bev="2" fileid="2" />
                <SequencePoint vc="1" uspid="365" ordinal="4" sl="365" sc="1" el="365" ec="2" bec="0" bev="0" fileid="2" />
                <SequencePoint vc="1" uspid="366" ordinal="5" sl="366" sc="1" el="366" ec="2" bec="0" bev="0" fileid="2" />
              </SequencePoints>
              <BranchPoints>
                <BranchPoint vc="1" uspid="359" ordinal="0" path="0" offset="10" offsetend="12" sl="359" fileid="2" />
                <BranchPoint vc="3" uspid="359" ordinal="1" path="1" offset="10" offsetend="23" sl="359" fileid="2" />
                <BranchPoint vc="1" uspid="360" ordinal="2" path="0" offset="32" offsetend="34" sl="360" fileid="2" />
                <BranchPoint vc="2" uspid="360" ordinal="3" path="1" offset="32" offsetend="45" sl="360" fileid="2" />
                <BranchPoint vc="1" uspid="361" ordinal="4" path="0" offset="64" offsetend="66" sl="361" fileid="2" />
                <BranchPoint vc="1" uspid="361" ordinal="5" path="1" offset="64" offsetend="77" sl="361" fileid="2" />
              </BranchPoints>
              <MethodPoint vc="6" uspid="0" p8:type="SequencePoint" ordinal="20" offset="20" sc="0" sl="356" ec="1" el="366" bec="0" bev="0" fileid="2" xmlns:p8="xsi" />
            </Method>
            <Method cyclomaticComplexity="1" nPathComplexity="0" sequenceCoverage="100" branchCoverage="100" isConstructor="False" isGetter="False" isSetter="False" isStatic="True">
              <Summary numSequencePoints="1" visitedSequencePoints="1" numBranchPoints="0" visitedBranchPoints="0" sequenceCoverage="100" branchCoverage="100" maxCyclomaticComplexity="1" minCyclomaticComplexity="1" visitedClasses="0" numClasses="0" visitedMethods="1" numMethods="1" />
              <MetadataToken />
              <Name>GTiff2Tiles.Core.Tiles.Number GTiff2Tiles.Core.Tiles.Number::Add(GTiff2Tiles.Core.Tiles.Number)</Name>
              <FileRef uid="2" />
              <SequencePoints>
                <SequencePoint vc="3" uspid="370" ordinal="0" sl="370" sc="1" el="370" ec="2" bec="0" bev="0" fileid="2" />
              </SequencePoints>
              <BranchPoints />
              <MethodPoint vc="1" uspid="0" p8:type="SequencePoint" ordinal="21" offset="21" sc="0" sl="370" ec="1" el="370" bec="0" bev="0" fileid="2" xmlns:p8="xsi" />
            </Method>
            <Method cyclomaticComplexity="6" nPathComplexity="0" sequenceCoverage="100" branchCoverage="100" isConstructor="False" isGetter="False" isSetter="False" isStatic="True">
              <Summary numSequencePoints="6" visitedSequencePoints="6" numBranchPoints="6" visitedBranchPoints="6" sequenceCoverage="100" branchCoverage="100" maxCyclomaticComplexity="6" minCyclomaticComplexity="6" visitedClasses="0" numClasses="0" visitedMethods="1" numMethods="1" />
              <MetadataToken />
              <Name>GTiff2Tiles.Core.Tiles.Number GTiff2Tiles.Core.Tiles.Number::op_Subtraction(GTiff2Tiles.Core.Tiles.Number,GTiff2Tiles.Core.Tiles.Number)</Name>
              <FileRef uid="2" />
              <SequencePoints>
                <SequencePoint vc="4" uspid="384" ordinal="0" sl="384" sc="1" el="384" ec="2" bec="0" bev="0" fileid="2" />
                <SequencePoint vc="5" uspid="387" ordinal="1" sl="387" sc="1" el="387" ec="2" bec="2" bev="2" fileid="2" />
                <SequencePoint vc="4" uspid="388" ordinal="2" sl="388" sc="1" el="388" ec="2" bec="2" bev="2" fileid="2" />
                <SequencePoint vc="3" uspid="389" ordinal="3" sl="389" sc="1" el="389" ec="2" bec="2" bev="2" fileid="2" />
                <SequencePoint vc="1" uspid="393" ordinal="4" sl="393" sc="1" el="393" ec="2" bec="0" bev="0" fileid="2" />
                <SequencePoint vc="1" uspid="394" ordinal="5" sl="394" sc="1" el="394" ec="2" bec="0" bev="0" fileid="2" />
              </SequencePoints>
              <BranchPoints>
                <BranchPoint vc="1" uspid="387" ordinal="0" path="0" offset="10" offsetend="12" sl="387" fileid="2" />
                <BranchPoint vc="3" uspid="387" ordinal="1" path="1" offset="10" offsetend="23" sl="387" fileid="2" />
                <BranchPoint vc="1" uspid="388" ordinal="2" path="0" offset="32" offsetend="34" sl="388" fileid="2" />
                <BranchPoint vc="2" uspid="388" ordinal="3" path="1" offset="32" offsetend="45" sl="388" fileid="2" />
                <BranchPoint vc="1" uspid="389" ordinal="4" path="0" offset="64" offsetend="66" sl="389" fileid="2" />
                <BranchPoint vc="1" uspid="389" ordinal="5" path="1" offset="64" offsetend="77" sl="389" fileid="2" />
              </BranchPoints>
              <MethodPoint vc="6" uspid="0" p8:type="SequencePoint" ordinal="22" offset="22" sc="0" sl="384" ec="1" el="394" bec="0" bev="0" fileid="2" xmlns:p8="xsi" />
            </Method>
            <Method cyclomaticComplexity="1" nPathComplexity="0" sequenceCoverage="100" branchCoverage="100" isConstructor="False" isGetter="False" isSetter="False" isStatic="True">
              <Summary numSequencePoints="1" visitedSequencePoints="1" numBranchPoints="0" visitedBranchPoints="0" sequenceCoverage="100" branchCoverage="100" maxCyclomaticComplexity="1" minCyclomaticComplexity="1" visitedClasses="0" numClasses="0" visitedMethods="1" numMethods="1" />
              <MetadataToken />
              <Name>GTiff2Tiles.Core.Tiles.Number GTiff2Tiles.Core.Tiles.Number::Subtract(GTiff2Tiles.Core.Tiles.Number)</Name>
              <FileRef uid="2" />
              <SequencePoints>
                <SequencePoint vc="3" uspid="398" ordinal="0" sl="398" sc="1" el="398" ec="2" bec="0" bev="0" fileid="2" />
              </SequencePoints>
              <BranchPoints />
              <MethodPoint vc="1" uspid="0" p8:type="SequencePoint" ordinal="23" offset="23" sc="0" sl="398" ec="1" el="398" bec="0" bev="0" fileid="2" xmlns:p8="xsi" />
            </Method>
            <Method cyclomaticComplexity="6" nPathComplexity="0" sequenceCoverage="100" branchCoverage="100" isConstructor="False" isGetter="False" isSetter="False" isStatic="True">
              <Summary numSequencePoints="6" visitedSequencePoints="6" numBranchPoints="6" visitedBranchPoints="6" sequenceCoverage="100" branchCoverage="100" maxCyclomaticComplexity="6" minCyclomaticComplexity="6" visitedClasses="0" numClasses="0" visitedMethods="1" numMethods="1" />
              <MetadataToken />
              <Name>GTiff2Tiles.Core.Tiles.Number GTiff2Tiles.Core.Tiles.Number::op_Multiply(GTiff2Tiles.Core.Tiles.Number,GTiff2Tiles.Core.Tiles.Number)</Name>
              <FileRef uid="2" />
              <SequencePoints>
                <SequencePoint vc="4" uspid="412" ordinal="0" sl="412" sc="1" el="412" ec="2" bec="0" bev="0" fileid="2" />
                <SequencePoint vc="5" uspid="415" ordinal="1" sl="415" sc="1" el="415" ec="2" bec="2" bev="2" fileid="2" />
                <SequencePoint vc="4" uspid="416" ordinal="2" sl="416" sc="1" el="416" ec="2" bec="2" bev="2" fileid="2" />
                <SequencePoint vc="3" uspid="417" ordinal="3" sl="417" sc="1" el="417" ec="2" bec="2" bev="2" fileid="2" />
                <SequencePoint vc="1" uspid="421" ordinal="4" sl="421" sc="1" el="421" ec="2" bec="0" bev="0" fileid="2" />
                <SequencePoint vc="1" uspid="422" ordinal="5" sl="422" sc="1" el="422" ec="2" bec="0" bev="0" fileid="2" />
              </SequencePoints>
              <BranchPoints>
                <BranchPoint vc="1" uspid="415" ordinal="0" path="0" offset="10" offsetend="12" sl="415" fileid="2" />
                <BranchPoint vc="3" uspid="415" ordinal="1" path="1" offset="10" offsetend="23" sl="415" fileid="2" />
                <BranchPoint vc="1" uspid="416" ordinal="2" path="0" offset="32" offsetend="34" sl="416" fileid="2" />
                <BranchPoint vc="2" uspid="416" ordinal="3" path="1" offset="32" offsetend="45" sl="416" fileid="2" />
                <BranchPoint vc="1" uspid="417" ordinal="4" path="0" offset="64" offsetend="66" sl="417" fileid="2" />
                <BranchPoint vc="1" uspid="417" ordinal="5" path="1" offset="64" offsetend="77" sl="417" fileid="2" />
              </BranchPoints>
              <MethodPoint vc="6" uspid="0" p8:type="SequencePoint" ordinal="24" offset="24" sc="0" sl="412" ec="1" el="422" bec="0" bev="0" fileid="2" xmlns:p8="xsi" />
            </Method>
            <Method cyclomaticComplexity="1" nPathComplexity="0" sequenceCoverage="100" branchCoverage="100" isConstructor="False" isGetter="False" isSetter="False" isStatic="True">
              <Summary numSequencePoints="1" visitedSequencePoints="1" numBranchPoints="0" visitedBranchPoints="0" sequenceCoverage="100" branchCoverage="100" maxCyclomaticComplexity="1" minCyclomaticComplexity="1" visitedClasses="0" numClasses="0" visitedMethods="1" numMethods="1" />
              <MetadataToken />
              <Name>GTiff2Tiles.Core.Tiles.Number GTiff2Tiles.Core.Tiles.Number::Multiply(GTiff2Tiles.Core.Tiles.Number)</Name>
              <FileRef uid="2" />
              <SequencePoints>
                <SequencePoint vc="3" uspid="426" ordinal="0" sl="426" sc="1" el="426" ec="2" bec="0" bev="0" fileid="2" />
              </SequencePoints>
              <BranchPoints />
              <MethodPoint vc="1" uspid="0" p8:type="SequencePoint" ordinal="25" offset="25" sc="0" sl="426" ec="1" el="426" bec="0" bev="0" fileid="2" xmlns:p8="xsi" />
            </Method>
            <Method cyclomaticComplexity="6" nPathComplexity="0" sequenceCoverage="100" branchCoverage="100" isConstructor="False" isGetter="False" isSetter="False" isStatic="True">
              <Summary numSequencePoints="6" visitedSequencePoints="6" numBranchPoints="6" visitedBranchPoints="6" sequenceCoverage="100" branchCoverage="100" maxCyclomaticComplexity="6" minCyclomaticComplexity="6" visitedClasses="0" numClasses="0" visitedMethods="1" numMethods="1" />
              <MetadataToken />
              <Name>GTiff2Tiles.Core.Tiles.Number GTiff2Tiles.Core.Tiles.Number::op_Division(GTiff2Tiles.Core.Tiles.Number,GTiff2Tiles.Core.Tiles.Number)</Name>
              <FileRef uid="2" />
              <SequencePoints>
                <SequencePoint vc="4" uspid="440" ordinal="0" sl="440" sc="1" el="440" ec="2" bec="0" bev="0" fileid="2" />
                <SequencePoint vc="5" uspid="443" ordinal="1" sl="443" sc="1" el="443" ec="2" bec="2" bev="2" fileid="2" />
[...]
          </Methods>
        </Class>
        <Class>
          <Summary numSequencePoints="56" visitedSequencePoints="50" numBranchPoints="38" visitedBranchPoints="36" sequenceCoverage="89.28" branchCoverage="94.73" maxCyclomaticComplexity="8" minCyclomaticComplexity="4" visitedClasses="1" numClasses="1" visitedMethods="5" numMethods="6" />
          <FullName>GTiff2Tiles.Core.Coordinates.PixelCoordinate</FullName>
          <Methods>
            <Method cyclomaticComplexity="8" nPathComplexity="0" sequenceCoverage="100" branchCoverage="100" isConstructor="False" isGetter="False" isSetter="False" isStatic="True">
              <Summary numSequencePoints="10" visitedSequencePoints="10" numBranchPoints="8" visitedBranchPoints="8" sequenceCoverage="100" branchCoverage="100" maxCyclomaticComplexity="8" minCyclomaticComplexity="8" visitedClasses="0" numClasses="0" visitedMethods="1" numMethods="1" />
              <MetadataToken />
              <Name>GTiff2Tiles.Core.Tiles.Number GTiff2Tiles.Core.Coordinates.PixelCoordinate::ToNumber(System.Int32,GTiff2Tiles.Core.Images.Size,System.Boolean)</Name>
              <FileRef uid="20" />
              <SequencePoints>
                <SequencePoint vc="865" uspid="43" ordinal="0" sl="43" sc="1" el="43" ec="2" bec="0" bev="0" fileid="20" />
                <SequencePoint vc="866" uspid="46" ordinal="1" sl="46" sc="1" el="46" ec="2" bec="2" bev="2" fileid="20" />
                <SequencePoint vc="865" uspid="47" ordinal="2" sl="47" sc="1" el="47" ec="2" bec="2" bev="2" fileid="20" />
                <SequencePoint vc="864" uspid="48" ordinal="3" sl="48" sc="1" el="48" ec="2" bec="2" bev="2" fileid="20" />
                <SequencePoint vc="862" uspid="52" ordinal="4" sl="52" sc="1" el="52" ec="2" bec="0" bev="0" fileid="20" />
                <SequencePoint vc="862" uspid="53" ordinal="5" sl="53" sc="1" el="53" ec="2" bec="0" bev="0" fileid="20" />
                <SequencePoint vc="862" uspid="55" ordinal="6" sl="55" sc="1" el="55" ec="2" bec="0" bev="0" fileid="20" />
                <SequencePoint vc="1504" uspid="56" ordinal="7" sl="56" sc="1" el="56" ec="2" bec="2" bev="2" fileid="20" />
                <SequencePoint vc="862" uspid="58" ordinal="8" sl="58" sc="1" el="58" ec="2" bec="0" bev="0" fileid="20" />
                <SequencePoint vc="862" uspid="59" ordinal="9" sl="59" sc="1" el="59" ec="2" bec="0" bev="0" fileid="20" />
              </SequencePoints>
              <BranchPoints>
                <BranchPoint vc="1" uspid="46" ordinal="0" path="0" offset="7" offsetend="9" sl="46" fileid="20" />
                <BranchPoint vc="864" uspid="46" ordinal="1" path="1" offset="7" offsetend="20" sl="46" fileid="20" />
                <BranchPoint vc="1" uspid="47" ordinal="2" path="0" offset="31" offsetend="33" sl="47" fileid="20" />
                <BranchPoint vc="863" uspid="47" ordinal="3" path="1" offset="31" offsetend="44" sl="47" fileid="20" />
                <BranchPoint vc="1" uspid="48" ordinal="4" path="0" offset="57" offsetend="59" sl="48" fileid="20" />
                <BranchPoint vc="862" uspid="48" ordinal="5" path="1" offset="57" offsetend="75" sl="48" fileid="20" />
                <BranchPoint vc="642" uspid="56" ordinal="6" path="0" offset="162" offsetend="164" sl="56" fileid="20" />
                <BranchPoint vc="862" uspid="56" ordinal="7" path="1" offset="162" offsetend="171" sl="56" fileid="20" />
              </BranchPoints>
              <MethodPoint vc="10" uspid="0" p8:type="SequencePoint" ordinal="0" offset="0" sc="0" sl="43" ec="1" el="59" bec="0" bev="0" fileid="20" xmlns:p8="xsi" />
            </Method>
            <Method cyclomaticComplexity="8" nPathComplexity="0" sequenceCoverage="0" branchCoverage="75" isConstructor="False" isGetter="False" isSetter="False" isStatic="True">
              <Summary numSequencePoints="6" visitedSequencePoints="0" numBranchPoints="8" visitedBranchPoints="6" sequenceCoverage="0" branchCoverage="75" maxCyclomaticComplexity="8" minCyclomaticComplexity="8" visitedClasses="0" numClasses="0" visitedMethods="0" numMethods="1" />
              <MetadataToken />
              <Name>GTiff2Tiles.Core.Coordinates.GeoCoordinate GTiff2Tiles.Core.Coordinates.PixelCoordinate::ToGeoCoordinate(GTiff2Tiles.Core.Enums.CoordinateSystem,GTiff2Tiles.Core.Enums.CoordinateSystem,System.Int32,GTiff2Tiles.Core.Images.Size)</Name>
              <FileRef uid="20" />
              <SequencePoints>
                <SequencePoint vc="0" uspid="75" ordinal="0" sl="75" sc="1" el="75" ec="2" bec="6" bev="5" fileid="20" />
                <SequencePoint vc="0" uspid="76" ordinal="1" sl="76" sc="1" el="76" ec="2" bec="0" bev="0" fileid="20" />
                <SequencePoint vc="0" uspid="77" ordinal="2" sl="77" sc="1" el="77" ec="2" bec="0" bev="0" fileid="20" />
                <SequencePoint vc="0" uspid="78" ordinal="3" sl="78" sc="1" el="78" ec="2" bec="0" bev="0" fileid="20" />
                <SequencePoint vc="0" uspid="79" ordinal="4" sl="79" sc="1" el="79" ec="2" bec="2" bev="1" fileid="20" />
                <SequencePoint vc="0" uspid="80" ordinal="5" sl="80" sc="1" el="80" ec="2" bec="0" bev="0" fileid="20" />
              </SequencePoints>
              <BranchPoints>
                <BranchPoint vc="0" uspid="75" ordinal="0" path="0" offset="1" offsetend="3" sl="75" fileid="20" />
                <BranchPoint vc="6" uspid="75" ordinal="1" path="1" offset="1" offsetend="4" sl="75" fileid="20" />
                <BranchPoint vc="4" uspid="75" ordinal="2" path="0" offset="5" offsetend="9" sl="75" fileid="20" />
                <BranchPoint vc="2" uspid="75" ordinal="3" path="1" offset="5" offsetend="15" sl="75" fileid="20" />
                <BranchPoint vc="2" uspid="75" ordinal="5" path="1" offset="11" offsetend="28" sl="75" fileid="20" />
                <BranchPoint vc="2" uspid="75" ordinal="4" path="0" offset="11" offsetend="41" sl="75" fileid="20" />
                <BranchPoint vc="0" uspid="79" ordinal="6" path="0" offset="64" offsetend="66" sl="79" fileid="20" />
                <BranchPoint vc="4" uspid="79" ordinal="7" path="1" offset="64" offsetend="67" sl="79" fileid="20" />
              </BranchPoints>
              <MethodPoint vc="0" uspid="0" p8:type="SequencePoint" ordinal="1" offset="1" sc="0" sl="75" ec="1" el="80" bec="0" bev="0" fileid="20" xmlns:p8="xsi" />
            </Method>
            <Method cyclomaticComplexity="6" nPathComplexity="0" sequenceCoverage="100" branchCoverage="100" isConstructor="False" isGetter="False" isSetter="False" isStatic="True">
              <Summary numSequencePoints="14" visitedSequencePoints="14" numBranchPoints="6" visitedBranchPoints="6" sequenceCoverage="100" branchCoverage="100" maxCyclomaticComplexity="6" minCyclomaticComplexity="6" visitedClasses="0" numClasses="0" visitedMethods="1" numMethods="1" />
              <MetadataToken />
              <Name>GTiff2Tiles.Core.Coordinates.GeodeticCoordinate GTiff2Tiles.Core.Coordinates.PixelCoordinate::ToGeodeticCoordinate(GTiff2Tiles.Core.Enums.CoordinateSystem,System.Int32,GTiff2Tiles.Core.Images.Size)</Name>
              <FileRef uid="20" />
              <SequencePoints>
                <SequencePoint vc="6" uspid="94" ordinal="0" sl="94" sc="1" el="94" ec="2" bec="0" bev="0" fileid="20" />
                <SequencePoint vc="7" uspid="97" ordinal="1" sl="97" sc="1" el="97" ec="2" bec="2" bev="2" fileid="20" />
                <SequencePoint vc="5" uspid="101" ordinal="2" sl="101" sc="1" el="101" ec="2" bec="4" bev="4" fileid="20" />
                <SequencePoint vc="3" uspid="104" ordinal="3" sl="104" sc="1" el="104" ec="2" bec="0" bev="0" fileid="20" />
                <SequencePoint vc="3" uspid="105" ordinal="4" sl="105" sc="1" el="105" ec="2" bec="0" bev="0" fileid="20" />
                <SequencePoint vc="3" uspid="107" ordinal="5" sl="107" sc="1" el="107" ec="2" bec="0" bev="0" fileid="20" />
                <SequencePoint vc="3" uspid="108" ordinal="6" sl="108" sc="1" el="108" ec="2" bec="0" bev="0" fileid="20" />
                <SequencePoint vc="3" uspid="110" ordinal="7" sl="110" sc="1" el="110" ec="2" bec="0" bev="0" fileid="20" />
                <SequencePoint vc="1" uspid="113" ordinal="8" sl="113" sc="1" el="113" ec="2" bec="0" bev="0" fileid="20" />
                <SequencePoint vc="1" uspid="114" ordinal="9" sl="114" sc="1" el="114" ec="2" bec="0" bev="0" fileid="20" />
                <SequencePoint vc="1" uspid="116" ordinal="10" sl="116" sc="1" el="116" ec="2" bec="0" bev="0" fileid="20" />
                <SequencePoint vc="1" uspid="119" ordinal="11" sl="119" sc="1" el="119" ec="2" bec="0" bev="0" fileid="20" />
                <SequencePoint vc="1" uspid="120" ordinal="12" sl="120" sc="1" el="120" ec="2" bec="0" bev="0" fileid="20" />
                <SequencePoint vc="4" uspid="123" ordinal="13" sl="123" sc="1" el="123" ec="2" bec="0" bev="0" fileid="20" />
              </SequencePoints>
              <BranchPoints>
                <BranchPoint vc="1" uspid="97" ordinal="0" path="0" offset="7" offsetend="9" sl="97" fileid="20" />
                <BranchPoint vc="5" uspid="97" ordinal="1" path="1" offset="7" offsetend="20" sl="97" fileid="20" />
                <BranchPoint vc="2" uspid="101" ordinal="2" path="0" offset="25" offsetend="29" sl="101" fileid="20" />
                <BranchPoint vc="3" uspid="101" ordinal="3" path="1" offset="25" offsetend="35" sl="101" fileid="20" />
                <BranchPoint vc="1" uspid="101" ordinal="5" path="1" offset="31" offsetend="97" sl="101" fileid="20" />
                <BranchPoint vc="1" uspid="101" ordinal="4" path="0" offset="31" offsetend="120" sl="101" fileid="20" />
              </BranchPoints>
              <MethodPoint vc="14" uspid="0" p8:type="SequencePoint" ordinal="2" offset="2" sc="0" sl="94" ec="1" el="123" bec="0" bev="0" fileid="20" xmlns:p8="xsi" />
            </Method>
            <Method cyclomaticComplexity="6" nPathComplexity="0" sequenceCoverage="100" branchCoverage="100" isConstructor="False" isGetter="False" isSetter="False" isStatic="True">
              <Summary numSequencePoints="14" visitedSequencePoints="14" numBranchPoints="6" visitedBranchPoints="6" sequenceCoverage="100" branchCoverage="100" maxCyclomaticComplexity="6" minCyclomaticComplexity="6" visitedClasses="0" numClasses="0" visitedMethods="1" numMethods="1" />
              <MetadataToken />
              <Name>GTiff2Tiles.Core.Coordinates.MercatorCoordinate GTiff2Tiles.Core.Coordinates.PixelCoordinate::ToMercatorCoordinate(GTiff2Tiles.Core.Enums.CoordinateSystem,System.Int32,GTiff2Tiles.Core.Images.Size)</Name>
              <FileRef uid="20" />
              <SequencePoints>
                <SequencePoint vc="58" uspid="137" ordinal="0" sl="137" sc="1" el="137" ec="2" bec="0" bev="0" fileid="20" />
                <SequencePoint vc="59" uspid="140" ordinal="1" sl="140" sc="1" el="140" ec="2" bec="2" bev="2" fileid="20" />
                <SequencePoint vc="57" uspid="144" ordinal="2" sl="144" sc="1" el="144" ec="2" bec="4" bev="4" fileid="20" />
                <SequencePoint vc="55" uspid="147" ordinal="3" sl="147" sc="1" el="147" ec="2" bec="0" bev="0" fileid="20" />
                <SequencePoint vc="55" uspid="148" ordinal="4" sl="148" sc="1" el="148" ec="2" bec="0" bev="0" fileid="20" />
                <SequencePoint vc="55" uspid="149" ordinal="5" sl="149" sc="1" el="149" ec="2" bec="0" bev="0" fileid="20" />
                <SequencePoint vc="55" uspid="150" ordinal="6" sl="150" sc="1" el="150" ec="2" bec="0" bev="0" fileid="20" />
                <SequencePoint vc="55" uspid="152" ordinal="7" sl="152" sc="1" el="152" ec="2" bec="0" bev="0" fileid="20" />
                <SequencePoint vc="1" uspid="155" ordinal="8" sl="155" sc="1" el="155" ec="2" bec="0" bev="0" fileid="20" />
                <SequencePoint vc="1" uspid="156" ordinal="9" sl="156" sc="1" el="156" ec="2" bec="0" bev="0" fileid="20" />
                <SequencePoint vc="1" uspid="158" ordinal="10" sl="158" sc="1" el="158" ec="2" bec="0" bev="0" fileid="20" />
                <SequencePoint vc="1" uspid="161" ordinal="11" sl="161" sc="1" el="161" ec="2" bec="0" bev="0" fileid="20" />
                <SequencePoint vc="1" uspid="162" ordinal="12" sl="162" sc="1" el="162" ec="2" bec="0" bev="0" fileid="20" />
                <SequencePoint vc="56" uspid="165" ordinal="13" sl="165" sc="1" el="165" ec="2" bec="0" bev="0" fileid="20" />
              </SequencePoints>
              <BranchPoints>
                <BranchPoint vc="1" uspid="140" ordinal="0" path="0" offset="7" offsetend="9" sl="140" fileid="20" />
                <BranchPoint vc="57" uspid="140" ordinal="1" path="1" offset="7" offsetend="20" sl="140" fileid="20" />
                <BranchPoint vc="56" uspid="144" ordinal="2" path="0" offset="25" offsetend="29" sl="144" fileid="20" />
                <BranchPoint vc="55" uspid="144" ordinal="5" path="1" offset="31" offsetend="35" sl="144" fileid="20" />
                <BranchPoint vc="1" uspid="144" ordinal="3" path="1" offset="25" offsetend="97" sl="144" fileid="20" />
                <BranchPoint vc="1" uspid="144" ordinal="4" path="0" offset="31" offsetend="120" sl="144" fileid="20" />
              </BranchPoints>
              <MethodPoint vc="14" uspid="0" p8:type="SequencePoint" ordinal="3" offset="3" sc="0" sl="137" ec="1" el="165" bec="0" bev="0" fileid="20" xmlns:p8="xsi" />
            </Method>
            <Method cyclomaticComplexity="6" nPathComplexity="0" sequenceCoverage="100" branchCoverage="100" isConstructor="False" isGetter="False" isSetter="False" isStatic="True">
              <Summary numSequencePoints="7" visitedSequencePoints="7" numBranchPoints="6" visitedBranchPoints="6" sequenceCoverage="100" branchCoverage="100" maxCyclomaticComplexity="6" minCyclomaticComplexity="6" visitedClasses="0" numClasses="0" visitedMethods="1" numMethods="1" />
              <MetadataToken />
              <Name>GTiff2Tiles.Core.Coordinates.PixelCoordinate GTiff2Tiles.Core.Coordinates.PixelCoordinate::ToRasterPixelCoordinate(System.Int32,GTiff2Tiles.Core.Images.Size)</Name>
              <FileRef uid="20" />
              <SequencePoints>
                <SequencePoint vc="4" uspid="179" ordinal="0" sl="179" sc="1" el="179" ec="2" bec="0" bev="0" fileid="20" />
                <SequencePoint vc="5" uspid="182" ordinal="1" sl="182" sc="1" el="182" ec="2" bec="2" bev="2" fileid="20" />
                <SequencePoint vc="4" uspid="183" ordinal="2" sl="183" sc="1" el="183" ec="2" bec="2" bev="2" fileid="20" />
                <SequencePoint vc="3" uspid="184" ordinal="3" sl="184" sc="1" el="184" ec="2" bec="2" bev="2" fileid="20" />
                <SequencePoint vc="1" uspid="189" ordinal="4" sl="189" sc="1" el="189" ec="2" bec="0" bev="0" fileid="20" />
                <SequencePoint vc="1" uspid="191" ordinal="5" sl="191" sc="1" el="191" ec="2" bec="0" bev="0" fileid="20" />
                <SequencePoint vc="1" uspid="192" ordinal="6" sl="192" sc="1" el="192" ec="2" bec="0" bev="0" fileid="20" />
              </SequencePoints>
              <BranchPoints>
                <BranchPoint vc="1" uspid="182" ordinal="0" path="0" offset="7" offsetend="9" sl="182" fileid="20" />
                <BranchPoint vc="3" uspid="182" ordinal="1" path="1" offset="7" offsetend="20" sl="182" fileid="20" />
                <BranchPoint vc="1" uspid="183" ordinal="2" path="0" offset="29" offsetend="31" sl="183" fileid="20" />
                <BranchPoint vc="2" uspid="183" ordinal="3" path="1" offset="29" offsetend="42" sl="183" fileid="20" />
                <BranchPoint vc="1" uspid="184" ordinal="4" path="0" offset="53" offsetend="55" sl="184" fileid="20" />
                <BranchPoint vc="1" uspid="184" ordinal="5" path="1" offset="53" offsetend="71" sl="184" fileid="20" />
              </BranchPoints>
              <MethodPoint vc="7" uspid="0" p8:type="SequencePoint" ordinal="4" offset="4" sc="0" sl="179" ec="1" el="192" bec="0" bev="0" fileid="20" xmlns:p8="xsi" />
            </Method>
            <Method cyclomaticComplexity="4" nPathComplexity="0" sequenceCoverage="100" branchCoverage="100" isConstructor="True" isGetter="False" isSetter="False" isStatic="True">
              <Summary numSequencePoints="5" visitedSequencePoints="5" numBranchPoints="4" visitedBranchPoints="4" sequenceCoverage="100" branchCoverage="100" maxCyclomaticComplexity="4" minCyclomaticComplexity="4" visitedClasses="0" numClasses="0" visitedMethods="1" numMethods="1" />
              <MetadataToken />
              <Name>System.Void GTiff2Tiles.Core.Coordinates.PixelCoordinate::.ctor(System.Double,System.Double)</Name>
              <FileRef uid="20" />
              <SequencePoints>
                <SequencePoint vc="1374" uspid="24" ordinal="0" sl="24" sc="1" el="24" ec="2" bec="0" bev="0" fileid="20" />
                <SequencePoint vc="1374" uspid="25" ordinal="1" sl="25" sc="1" el="25" ec="2" bec="0" bev="0" fileid="20" />
                <SequencePoint vc="1375" uspid="26" ordinal="2" sl="26" sc="1" el="26" ec="2" bec="2" bev="2" fileid="20" />
                <SequencePoint vc="1374" uspid="27" ordinal="3" sl="27" sc="1" el="27" ec="2" bec="2" bev="2" fileid="20" />
                <SequencePoint vc="1372" uspid="28" ordinal="4" sl="28" sc="1" el="28" ec="2" bec="0" bev="0" fileid="20" />
              </SequencePoints>
              <BranchPoints>
                <BranchPoint vc="1" uspid="26" ordinal="0" path="0" offset="24" offsetend="26" sl="26" fileid="20" />
                <BranchPoint vc="1373" uspid="26" ordinal="1" path="1" offset="24" offsetend="37" sl="26" fileid="20" />
                <BranchPoint vc="1" uspid="27" ordinal="2" path="0" offset="51" offsetend="53" sl="27" fileid="20" />
                <BranchPoint vc="1372" uspid="27" ordinal="3" path="1" offset="51" offsetend="64" sl="27" fileid="20" />
              </BranchPoints>
              <MethodPoint vc="5" uspid="0" p8:type="SequencePoint" ordinal="5" offset="5" sc="0" sl="24" ec="1" el="28" bec="0" bev="0" fileid="20" xmlns:p8="xsi" />
            </Method>
          </Methods>
        </Class>
        <Class>
          <Summary numSequencePoints="3" visitedSequencePoints="3" numBranchPoints="0" visitedBranchPoints="0" sequenceCoverage="100" branchCoverage="100" maxCyclomaticComplexity="1" minCyclomaticComplexity="1" visitedClasses="1" numClasses="1" visitedMethods="1" numMethods="1" />
          <FullName>GTiff2Tiles.Core.Constants.Proj</FullName>
          <Methods>
            <Method cyclomaticComplexity="1" nPathComplexity="0" sequenceCoverage="100" branchCoverage="100" isConstructor="True" isGetter="False" isSetter="False" isStatic="True">
              <Summary numSequencePoints="3" visitedSequencePoints="3" numBranchPoints="0" visitedBranchPoints="0" sequenceCoverage="100" branchCoverage="100" maxCyclomaticComplexity="1" minCyclomaticComplexity="1" visitedClasses="0" numClasses="0" visitedMethods="1" numMethods="1" />
              <MetadataToken />
              <Name>System.Void GTiff2Tiles.Core.Constants.Proj::.cctor()</Name>
              <FileRef uid="21" />
              <SequencePoints>
                <SequencePoint vc="1" uspid="14" ordinal="0" sl="14" sc="1" el="14" ec="2" bec="0" bev="0" fileid="21" />
                <SequencePoint vc="1" uspid="15" ordinal="1" sl="15" sc="1" el="15" ec="2" bec="0" bev="0" fileid="21" />
                <SequencePoint vc="1" uspid="20" ordinal="2" sl="20" sc="1" el="20" ec="2" bec="0" bev="0" fileid="21" />
              </SequencePoints>
              <BranchPoints />
              <MethodPoint vc="3" uspid="0" p8:type="SequencePoint" ordinal="0" offset="0" sc="0" sl="14" ec="1" el="20" bec="0" bev="0" fileid="21" xmlns:p8="xsi" />
            </Method>
          </Methods>
        </Class>
      </Classes>
    </Module>
  </Modules>
</CoverageSession>